<?xml version="1.0" encoding="utf-8"?><testsuites name="pytest tests"><testsuite name="pytest" errors="0" failures="0" skipped="4" tests="24" time="3.218" timestamp="2026-04-04T01:15:14.703130+00:00" hostname="agent-env-cf297c22-2fcb-4b5f-9985-0db327c696a9"><testcase classname="backend.tests.test_iteration29_team_members.TestTeamProfilesEndpoint" name="test_get_all_profiles_owner_access" time="0.590" /><testcase classname="backend.tests.test_iteration29_team_members.TestTeamProfilesEndpoint" name="test_get_all_profiles_management_access" time="0.129"><skipped type="pytest.skip" message="Management authentication failed: 401">/app/backend/tests/test_iteration29_team_members.py:98: Management authentication failed: 401</skipped></testcase><testcase classname="backend.tests.test_iteration29_team_members.TestTeamProfilesEndpoint" name="test_get_all_profiles_requires_auth" time="0.111" /><testcase classname="backend.tests.test_iteration29_team_members.TestTeamProfilesEndpoint" name="test_profiles_contain_required_fields" time="0.113" /><testcase classname="backend.tests.test_iteration29_team_members.TestTeamProfilesEndpoint" name="test_profiles_include_all_source_types" time="0.124" /><testcase classname="backend.tests.test_iteration29_team_members.TestTeamProfileDetailEndpoint" name="test_get_user_profile_detail" time="0.169" /><testcase classname="backend.tests.test_iteration29_team_members.TestTeamProfileDetailEndpoint" name="test_get_crew_leader_profile_detail" time="0.107" /><testcase classname="backend.tests.test_iteration29_team_members.TestTeamProfileDetailEndpoint" name="test_get_crew_member_profile_detail" time="0.119" /><testcase classname="backend.tests.test_iteration29_team_members.TestTeamProfileDetailEndpoint" name="test_profile_detail_stats_structure" time="0.150" /><testcase classname="backend.tests.test_iteration29_team_members.TestTeamProfileDetailEndpoint" name="test_profile_detail_not_found" time="0.115" /><testcase classname="backend.tests.test_iteration29_team_members.TestTeamProfileDetailEndpoint" name="test_profile_detail_invalid_format" time="0.125" /><testcase classname="backend.tests.test_iteration29_team_members.TestTeamProfileUpdateEndpoint" name="test_update_profile_age" time="0.169" /><testcase classname="backend.tests.test_iteration29_team_members.TestTeamProfileUpdateEndpoint" name="test_update_profile_avatar_url" time="0.158" /><testcase classname="backend.tests.test_iteration29_team_members.TestTeamProfileUpdateEndpoint" name="test_update_profile_no_fields" time="0.122" /><testcase classname="backend.tests.test_iteration29_team_members.TestTeamProfileUpdateEndpoint" name="test_update_profile_management_access" time="0.000"><skipped type="pytest.skip" message="Management authentication failed: 401">/app/backend/tests/test_iteration29_team_members.py:274: Management authentication failed: 401</skipped></testcase><testcase classname="backend.tests.test_iteration29_team_members.TestTeamStructureEndpoint" name="test_get_team_structure_owner" time="0.108" /><testcase classname="backend.tests.test_iteration29_team_members.TestTeamStructureEndpoint" name="test_get_team_structure_management" time="0.001"><skipped type="pytest.skip" message="Management authentication failed: 401">/app/backend/tests/test_iteration29_team_members.py:298: Management authentication failed: 401</skipped></testcase><testcase classname="backend.tests.test_iteration29_team_members.TestTeamStructureEndpoint" name="test_team_structure_format" time="0.117" /><testcase classname="backend.tests.test_iteration29_team_members.TestTeamStructureEndpoint" name="test_team_structure_requires_auth" time="0.102" /><testcase classname="backend.tests.test_iteration29_team_members.TestTeamHierarchyEndpoint" name="test_get_hierarchy_owner" time="0.139" /><testcase classname="backend.tests.test_iteration29_team_members.TestTeamHierarchyEndpoint" name="test_get_hierarchy_management" time="0.000"><skipped type="pytest.skip" message="Management authentication failed: 401">/app/backend/tests/test_iteration29_team_members.py:351: Management authentication failed: 401</skipped></testcase><testcase classname="backend.tests.test_iteration29_team_members.TestTeamHierarchyEndpoint" name="test_hierarchy_owners_structure" time="0.114" /><testcase classname="backend.tests.test_iteration29_team_members.TestTeamHierarchyEndpoint" name="test_hierarchy_divisions_structure" time="0.107" /><testcase classname="backend.tests.test_iteration29_team_members.TestTeamHierarchyEndpoint" name="test_hierarchy_requires_auth" time="0.115" /></testsuite></testsuites>