<?xml version="1.0" encoding="utf-8"?><testsuites name="pytest tests"><testsuite name="pytest" errors="0" failures="0" skipped="0" tests="16" time="2.672" timestamp="2026-04-09T00:11:51.839731+00:00" hostname="agent-env-cf297c22-2fcb-4b5f-9985-0db327c696a9"><testcase classname="backend.tests.test_iteration42_features.TestCrewSubmissionsHistory" name="test_fran_crew_submissions_returns_data" time="0.158" /><testcase classname="backend.tests.test_iteration42_features.TestCrewSubmissionsHistory" name="test_fran_crew_has_longvue_submissions" time="0.122" /><testcase classname="backend.tests.test_iteration42_features.TestCrewSubmissionsHistory" name="test_alpha_demo_crew_submissions" time="0.146" /><testcase classname="backend.tests.test_iteration42_features.TestCrewSubmissionsHistory" name="test_invalid_crew_code_returns_404" time="0.106" /><testcase classname="backend.tests.test_iteration42_features.TestCrewAccessLinks" name="test_fran_crew_link_exists" time="0.119" /><testcase classname="backend.tests.test_iteration42_features.TestCrewAccessLinks" name="test_tim_crew_link_exists" time="0.140" /><testcase classname="backend.tests.test_iteration42_features.TestRubricDefinitions" name="test_rubrics_for_task_returns_categories" time="0.538" /><testcase classname="backend.tests.test_iteration42_features.TestRubricDefinitions" name="test_rubrics_for_task_has_hard_fail_conditions" time="0.117" /><testcase classname="backend.tests.test_iteration42_features.TestRubricDefinitions" name="test_rubric_category_structure" time="0.108" /><testcase classname="backend.tests.test_iteration42_features.TestRapidReviewQueue" name="test_rapid_review_queue_accessible" time="0.125" /><testcase classname="backend.tests.test_iteration42_features.TestRapidReviewQueue" name="test_rapid_review_queue_returns_items" time="0.104" /><testcase classname="backend.tests.test_iteration42_features.TestSubmissionDetail" name="test_submission_has_photo_files" time="0.273" /><testcase classname="backend.tests.test_iteration42_features.TestRegressionOverviewPage" name="test_overview_metrics_endpoint" time="0.157" /><testcase classname="backend.tests.test_iteration42_features.TestRegressionOverviewPage" name="test_incidents_active_endpoint" time="0.110" /><testcase classname="backend.tests.test_iteration42_features.TestRegressionClientReport" name="test_client_report_data_endpoint" time="0.123" /><testcase classname="backend.tests.test_iteration42_features.TestRegressionSettingsPage" name="test_users_endpoint" time="0.129" /></testsuite></testsuites>