<?xml version="1.0" encoding="utf-8"?><testsuites name="pytest tests"><testsuite name="pytest" errors="0" failures="0" skipped="0" tests="8" time="5.286" timestamp="2026-04-02T02:26:31.320207+00:00" hostname="agent-env-cf297c22-2fcb-4b5f-9985-0db327c696a9"><testcase classname="backend.tests.test_iteration17_gps_accuracy.TestGPSAccuracyFeature" name="test_submission_with_low_gps_accuracy_flagged" time="0.976" /><testcase classname="backend.tests.test_iteration17_gps_accuracy.TestGPSAccuracyFeature" name="test_submission_with_high_gps_accuracy_not_flagged" time="1.064" /><testcase classname="backend.tests.test_iteration17_gps_accuracy.TestGPSAccuracyFeature" name="test_submission_with_exact_threshold_accuracy" time="1.085" /><testcase classname="backend.tests.test_iteration17_gps_accuracy.TestGPSAccuracyFeature" name="test_submission_with_just_above_threshold_accuracy" time="0.792" /><testcase classname="backend.tests.test_iteration17_gps_accuracy.TestRegressionEndpoints" name="test_auth_login_works" time="0.359" /><testcase classname="backend.tests.test_iteration17_gps_accuracy.TestRegressionEndpoints" name="test_get_submissions_works" time="0.411" /><testcase classname="backend.tests.test_iteration17_gps_accuracy.TestRegressionEndpoints" name="test_dashboard_overview_works" time="0.380" /><testcase classname="backend.tests.test_iteration17_gps_accuracy.TestRegressionEndpoints" name="test_public_crew_access_works" time="0.147" /></testsuite></testsuites>