<?xml version="1.0" encoding="utf-8"?><testsuites name="pytest tests"><testsuite name="pytest" errors="0" failures="0" skipped="0" tests="22" time="5.270" timestamp="2026-04-08T23:15:47.819841+00:00" hostname="agent-env-cf297c22-2fcb-4b5f-9985-0db327c696a9"><testcase classname="backend.tests.test_iteration41_features.TestIncidentEndpoints" name="test_incidents_active_returns_200_for_owner" time="0.618" /><testcase classname="backend.tests.test_iteration41_features.TestIncidentEndpoints" name="test_incidents_active_returns_200_for_gm" time="0.452" /><testcase classname="backend.tests.test_iteration41_features.TestIncidentEndpoints" name="test_incidents_active_requires_auth" time="0.116" /><testcase classname="backend.tests.test_iteration41_features.TestIncidentEndpoints" name="test_incident_acknowledge_endpoint_exists" time="0.132" /><testcase classname="backend.tests.test_iteration41_features.TestRubricEndpoints" name="test_rubrics_for_task_bed_edging" time="0.611" /><testcase classname="backend.tests.test_iteration41_features.TestRubricEndpoints" name="test_rubrics_for_task_returns_weights" time="0.126" /><testcase classname="backend.tests.test_iteration41_features.TestRubricEndpoints" name="test_rubrics_for_task_returns_indicators" time="0.128" /><testcase classname="backend.tests.test_iteration41_features.TestClientReportRegression" name="test_client_quality_report_daily" time="0.536" /><testcase classname="backend.tests.test_iteration41_features.TestClientReportRegression" name="test_client_quality_report_weekly" time="0.119" /><testcase classname="backend.tests.test_iteration41_features.TestClientReportRegression" name="test_client_quality_report_monthly" time="0.156" /><testcase classname="backend.tests.test_iteration41_features.TestClientReportRegression" name="test_client_quality_report_quarterly" time="0.116" /><testcase classname="backend.tests.test_iteration41_features.TestClientReportRegression" name="test_job_search_endpoint" time="0.107" /><testcase classname="backend.tests.test_iteration41_features.TestOverviewMetrics" name="test_dashboard_overview" time="0.491" /><testcase classname="backend.tests.test_iteration41_features.TestOverviewMetrics" name="test_division_quality_trend" time="0.128" /><testcase classname="backend.tests.test_iteration41_features.TestOverviewMetrics" name="test_standards_compliance" time="0.123" /><testcase classname="backend.tests.test_iteration41_features.TestOverviewMetrics" name="test_training_funnel" time="0.116" /><testcase classname="backend.tests.test_iteration41_features.TestCrewAccess" name="test_crew_access_install_alpha" time="0.133" /><testcase classname="backend.tests.test_iteration41_features.TestCrewAccess" name="test_crew_access_maintenance_alpha" time="0.131" /><testcase classname="backend.tests.test_iteration41_features.TestSystemHealth" name="test_health_endpoint" time="0.098" /><testcase classname="backend.tests.test_iteration41_features.TestSettingsEndpoints" name="test_storage_status" time="0.460" /><testcase classname="backend.tests.test_iteration41_features.TestSettingsEndpoints" name="test_system_blueprint" time="0.110" /><testcase classname="backend.tests.test_iteration41_features.TestSettingsEndpoints" name="test_users_list" time="0.158" /></testsuite></testsuites>