<?xml version="1.0" encoding="utf-8"?><testsuites name="pytest tests"><testsuite name="pytest" errors="0" failures="0" skipped="0" tests="13" time="5.756" timestamp="2026-03-31T04:53:54.473395+00:00" hostname="agent-env-a23196f0-ba8c-487c-9f17-526572d9d9d9"><testcase classname="backend.tests.test_rapid_review_features.TestRapidReviewFeatures" name="test_owner_login_success" time="0.411" /><testcase classname="backend.tests.test_rapid_review_features.TestRapidReviewFeatures" name="test_pm_login_success" time="0.327" /><testcase classname="backend.tests.test_rapid_review_features.TestRapidReviewFeatures" name="test_rapid_review_queue_returns_200" time="0.400" /><testcase classname="backend.tests.test_rapid_review_features.TestRapidReviewFeatures" name="test_rapid_review_queue_returns_200_for_management" time="0.373" /><testcase classname="backend.tests.test_rapid_review_features.TestRapidReviewFeatures" name="test_rapid_review_fail_requires_comment" time="0.448" /><testcase classname="backend.tests.test_rapid_review_features.TestRapidReviewFeatures" name="test_rapid_review_exemplary_requires_comment" time="0.437" /><testcase classname="backend.tests.test_rapid_review_features.TestRapidReviewFeatures" name="test_rapid_review_concern_no_comment_required" time="0.430" /><testcase classname="backend.tests.test_rapid_review_features.TestRapidReviewFeatures" name="test_rapid_review_standard_no_comment_required" time="0.454" /><testcase classname="backend.tests.test_rapid_review_features.TestRapidReviewFeatures" name="test_rapid_review_invalid_rating_rejected" time="0.437" /><testcase classname="backend.tests.test_rapid_review_features.TestRapidReviewFeatures" name="test_rapid_review_queue_excludes_reviewed_items" time="0.510" /><testcase classname="backend.tests.test_rapid_review_features.TestRapidReviewFeatures" name="test_submission_detail_includes_rapid_review_summary" time="0.419" /><testcase classname="backend.tests.test_rapid_review_features.TestRapidReviewFeatures" name="test_rapid_review_rubric_sum_calculation" time="0.389" /><testcase classname="backend.tests.test_rapid_review_features.TestRapidReviewFeatures" name="test_rapid_review_entry_modes" time="0.648" /></testsuite></testsuites>