<?xml version="1.0" encoding="utf-8"?><testsuites name="pytest tests"><testsuite name="pytest" errors="0" failures="0" skipped="0" tests="18" time="4.641" timestamp="2026-04-02T00:43:11.480248+00:00" hostname="agent-env-cf297c22-2fcb-4b5f-9985-0db327c696a9"><testcase classname="backend.tests.test_iteration13_features.TestHealthAndAuth" name="test_health_endpoint" time="0.540" /><testcase classname="backend.tests.test_iteration13_features.TestHealthAndAuth" name="test_supervisor_login" time="0.350" /><testcase classname="backend.tests.test_iteration13_features.TestHealthAndAuth" name="test_gm_login" time="0.347" /><testcase classname="backend.tests.test_iteration13_features.TestHealthAndAuth" name="test_owner_login" time="0.350" /><testcase classname="backend.tests.test_iteration13_features.TestDashboardOverview" name="test_supervisor_dashboard_overview" time="0.466" /><testcase classname="backend.tests.test_iteration13_features.TestDashboardOverview" name="test_gm_dashboard_overview" time="0.436" /><testcase classname="backend.tests.test_iteration13_features.TestDashboardOverview" name="test_owner_dashboard_overview" time="0.453" /><testcase classname="backend.tests.test_iteration13_features.TestCrewAccessLinks" name="test_get_active_crew_links" time="0.114" /><testcase classname="backend.tests.test_iteration13_features.TestCrewAccessLinks" name="test_get_inactive_crew_links" time="0.119" /><testcase classname="backend.tests.test_iteration13_features.TestCrewAccessLinks" name="test_update_crew_link" time="0.349" /><testcase classname="backend.tests.test_iteration13_features.TestJobs" name="test_get_jobs_paginated" time="0.108" /><testcase classname="backend.tests.test_iteration13_features.TestJobs" name="test_search_jobs" time="0.130" /><testcase classname="backend.tests.test_iteration13_features.TestRepeatOffenders" name="test_get_repeat_offenders" time="0.105" /><testcase classname="backend.tests.test_iteration13_features.TestRepeatOffenders" name="test_repeat_offenders_different_window" time="0.105" /><testcase classname="backend.tests.test_iteration13_features.TestTrainingSessions" name="test_get_training_sessions" time="0.111" /><testcase classname="backend.tests.test_iteration13_features.TestPublicCrewAccess" name="test_get_public_crew_access" time="0.236" /><testcase classname="backend.tests.test_iteration13_features.TestRubricMatrices" name="test_get_rubric_matrices" time="0.115" /><testcase classname="backend.tests.test_iteration13_features.TestSubmissions" name="test_get_submissions" time="0.116" /></testsuite></testsuites>