<?xml version="1.0" encoding="utf-8"?><testsuites name="pytest tests"><testsuite name="pytest" errors="0" failures="0" skipped="1" tests="13" time="3.507" timestamp="2026-04-02T14:58:09.154099+00:00" hostname="agent-env-cf297c22-2fcb-4b5f-9985-0db327c696a9"><testcase classname="backend.tests.test_iteration26_analytics.TestRandomSampleEndpoint" name="test_random_sample_basic" time="0.509" /><testcase classname="backend.tests.test_iteration26_analytics.TestRandomSampleEndpoint" name="test_random_sample_with_crew_filter" time="0.258" /><testcase classname="backend.tests.test_iteration26_analytics.TestRandomSampleEndpoint" name="test_random_sample_sample_structure" time="0.115" /><testcase classname="backend.tests.test_iteration26_analytics.TestRandomSampleEndpoint" name="test_random_sample_requires_owner_role" time="0.454" /><testcase classname="backend.tests.test_iteration26_analytics.TestRandomSampleEndpoint" name="test_random_sample_unauthenticated" time="0.122" /><testcase classname="backend.tests.test_iteration26_analytics.TestVarianceDrilldownEndpoint" name="test_variance_drilldown_basic" time="0.295" /><testcase classname="backend.tests.test_iteration26_analytics.TestVarianceDrilldownEndpoint" name="test_variance_drilldown_row_structure" time="0.266" /><testcase classname="backend.tests.test_iteration26_analytics.TestVarianceDrilldownEndpoint" name="test_variance_drilldown_sorted_by_variance" time="0.232"><skipped type="pytest.skip" message="Not enough rows to verify sorting">/app/backend/tests/test_iteration26_analytics.py:247: Not enough rows to verify sorting</skipped></testcase><testcase classname="backend.tests.test_iteration26_analytics.TestVarianceDrilldownEndpoint" name="test_variance_drilldown_requires_owner_role" time="0.119" /><testcase classname="backend.tests.test_iteration26_analytics.TestVarianceDrilldownEndpoint" name="test_variance_drilldown_requires_crew_param" time="0.145" /><testcase classname="backend.tests.test_iteration26_analytics.TestVarianceDrilldownEndpoint" name="test_variance_drilldown_requires_service_type_param" time="0.132" /><testcase classname="backend.tests.test_iteration26_analytics.TestAnalyticsSummaryEndpoint" name="test_analytics_summary_has_heatmap" time="0.112" /><testcase classname="backend.tests.test_iteration26_analytics.TestAnalyticsSummaryEndpoint" name="test_analytics_summary_period_options" time="0.654" /></testsuite></testsuites>