<?xml version="1.0" encoding="utf-8"?><testsuites name="pytest tests"><testsuite name="pytest" errors="0" failures="0" skipped="0" tests="16" time="2.255" timestamp="2026-04-01T23:37:33.377075+00:00" hostname="agent-env-cf297c22-2fcb-4b5f-9985-0db327c696a9"><testcase classname="backend.tests.test_iteration12_features.TestAuthLogin" name="test_gm_login_lowercase_email" time="0.445" /><testcase classname="backend.tests.test_iteration12_features.TestAuthLogin" name="test_owner_login_lowercase_email" time="0.274" /><testcase classname="backend.tests.test_iteration12_features.TestAuthLogin" name="test_supervisor_login_lowercase_email" time="0.275" /><testcase classname="backend.tests.test_iteration12_features.TestAuthLogin" name="test_login_case_insensitive" time="0.273" /><testcase classname="backend.tests.test_iteration12_features.TestAuthLogin" name="test_login_invalid_credentials" time="0.048" /><testcase classname="backend.tests.test_iteration12_features.TestEquipmentLogsAPI" name="test_get_equipment_logs_paginated" time="0.321" /><testcase classname="backend.tests.test_iteration12_features.TestEquipmentLogsAPI" name="test_equipment_logs_pagination_page_2" time="0.050" /><testcase classname="backend.tests.test_iteration12_features.TestEquipmentLogsAPI" name="test_equipment_logs_requires_auth" time="0.045" /><testcase classname="backend.tests.test_iteration12_features.TestDashboardOverview" name="test_get_dashboard_overview" time="0.052" /><testcase classname="backend.tests.test_iteration12_features.TestStandardsLibrary" name="test_get_standards" time="0.051" /><testcase classname="backend.tests.test_iteration12_features.TestStandardsLibrary" name="test_standards_filter_by_category" time="0.049" /><testcase classname="backend.tests.test_iteration12_features.TestRepeatOffenders" name="test_get_repeat_offenders" time="0.048" /><testcase classname="backend.tests.test_iteration12_features.TestCrewAccess" name="test_get_public_crew_access" time="0.046" /><testcase classname="backend.tests.test_iteration12_features.TestCrewAccess" name="test_get_crew_access_by_code" time="0.094" /><testcase classname="backend.tests.test_iteration12_features.TestRubricMatrices" name="test_get_rubric_matrices" time="0.051" /><testcase classname="backend.tests.test_iteration12_features.TestHealthEndpoint" name="test_health_check" time="0.043" /></testsuite></testsuites>