<?xml version="1.0" encoding="utf-8"?><testsuites name="pytest tests"><testsuite name="pytest" errors="0" failures="0" skipped="0" tests="23" time="3.711" timestamp="2026-03-31T05:50:11.375787+00:00" hostname="agent-env-a23196f0-ba8c-487c-9f17-526572d9d9d9"><testcase classname="backend.tests.test_iteration8_features.TestStandardsLibrary" name="test_get_standards_returns_200_owner" time="0.502" /><testcase classname="backend.tests.test_iteration8_features.TestStandardsLibrary" name="test_get_standards_returns_200_pm" time="0.430" /><testcase classname="backend.tests.test_iteration8_features.TestStandardsLibrary" name="test_get_standards_with_category_filter" time="0.100" /><testcase classname="backend.tests.test_iteration8_features.TestStandardsLibrary" name="test_get_standards_with_division_filter" time="0.099" /><testcase classname="backend.tests.test_iteration8_features.TestStandardsLibrary" name="test_get_standards_with_search" time="0.096" /><testcase classname="backend.tests.test_iteration8_features.TestStandardsLibrary" name="test_create_standard_returns_201" time="0.097" /><testcase classname="backend.tests.test_iteration8_features.TestStandardsLibrary" name="test_update_standard_returns_200" time="0.197" /><testcase classname="backend.tests.test_iteration8_features.TestRepeatOffenders" name="test_get_repeat_offenders_returns_200_owner" time="0.094" /><testcase classname="backend.tests.test_iteration8_features.TestRepeatOffenders" name="test_get_repeat_offenders_returns_200_pm" time="0.104" /><testcase classname="backend.tests.test_iteration8_features.TestRepeatOffenders" name="test_repeat_offenders_with_custom_window" time="0.098" /><testcase classname="backend.tests.test_iteration8_features.TestRepeatOffenders" name="test_repeat_offenders_with_custom_thresholds" time="0.094" /><testcase classname="backend.tests.test_iteration8_features.TestRepeatOffenders" name="test_repeat_offenders_heatmap_structure" time="0.113" /><testcase classname="backend.tests.test_iteration8_features.TestTrainingSessions" name="test_get_training_sessions_returns_200_owner" time="0.101" /><testcase classname="backend.tests.test_iteration8_features.TestTrainingSessions" name="test_get_training_sessions_returns_200_pm" time="0.097" /><testcase classname="backend.tests.test_iteration8_features.TestTrainingSessions" name="test_create_training_session_returns_201" time="0.214" /><testcase classname="backend.tests.test_iteration8_features.TestPublicTraining" name="test_get_public_training_valid_code" time="0.342" /><testcase classname="backend.tests.test_iteration8_features.TestPublicTraining" name="test_get_public_training_invalid_code" time="0.101" /><testcase classname="backend.tests.test_iteration8_features.TestPublicTraining" name="test_submit_public_training_valid" time="0.241" /><testcase classname="backend.tests.test_iteration8_features.TestPublicTraining" name="test_submit_public_training_invalid_code" time="0.093" /><testcase classname="backend.tests.test_iteration8_features.TestRapidReviewQueue" name="test_rapid_review_queue_returns_200_owner" time="0.100" /><testcase classname="backend.tests.test_iteration8_features.TestRapidReviewQueue" name="test_rapid_review_queue_returns_200_pm" time="0.097" /><testcase classname="backend.tests.test_iteration8_features.TestDashboardOverview" name="test_dashboard_overview_returns_200_owner" time="0.101" /><testcase classname="backend.tests.test_iteration8_features.TestDashboardOverview" name="test_dashboard_overview_returns_200_pm" time="0.102" /></testsuite></testsuites>