<?xml version="1.0" encoding="utf-8"?><testsuites name="pytest tests"><testsuite name="pytest" errors="0" failures="1" skipped="0" tests="3" time="4.823" timestamp="2026-03-31T02:05:42.287614+00:00" hostname="agent-env-a23196f0-ba8c-487c-9f17-526572d9d9d9"><testcase classname="backend.tests.test_admin_controls_and_queue_pagination" name="test_admin_can_create_staff_and_toggle_authorization" time="3.260" /><testcase classname="backend.tests.test_admin_controls_and_queue_pagination" name="test_inactive_crew_link_removed_from_public_while_history_remains" time="1.336" /><testcase classname="backend.tests.test_admin_controls_and_queue_pagination" name="test_owner_queue_dataset_supports_pagination_over_eight_entries" time="0.142"><failure message="KeyError: 0">backend/tests/test_admin_controls_and_queue_pagination.py:260: in test_owner_queue_dataset_supports_pagination_over_eight_entries
    job = jobs[0]
          ^^^^^^^
E   KeyError: 0</failure></testcase></testsuite></testsuites>