<?xml version="1.0" encoding="utf-8"?><testsuites name="pytest tests"><testsuite name="pytest" errors="0" failures="0" skipped="0" tests="12" time="5.148" timestamp="2026-04-04T05:49:28.981049+00:00" hostname="agent-env-cf297c22-2fcb-4b5f-9985-0db327c696a9"><testcase classname="backend.tests.test_iteration34_metrics.TestIteration34Metrics" name="test_health_check" time="0.516" /><testcase classname="backend.tests.test_iteration34_metrics.TestIteration34Metrics" name="test_division_quality_trend" time="0.371" /><testcase classname="backend.tests.test_iteration34_metrics.TestIteration34Metrics" name="test_division_quality_trend_with_filter" time="0.386" /><testcase classname="backend.tests.test_iteration34_metrics.TestIteration34Metrics" name="test_standards_compliance" time="0.382" /><testcase classname="backend.tests.test_iteration34_metrics.TestIteration34Metrics" name="test_training_funnel" time="0.375" /><testcase classname="backend.tests.test_iteration34_metrics.TestIteration34Metrics" name="test_pm_dashboard_metrics" time="0.413" /><testcase classname="backend.tests.test_iteration34_metrics.TestIteration34Metrics" name="test_pm_dashboard_install_division" time="0.371" /><testcase classname="backend.tests.test_iteration34_metrics.TestIteration34Metrics" name="test_pm_dashboard_tree_division" time="0.413" /><testcase classname="backend.tests.test_iteration34_metrics.TestTeamProfilesStats" name="test_get_team_profiles" time="0.384" /><testcase classname="backend.tests.test_iteration34_metrics.TestTeamProfilesStats" name="test_profile_stats_endpoint" time="0.467" /><testcase classname="backend.tests.test_iteration34_metrics.TestTeamProfilesStats" name="test_profile_stats_different_timelines" time="0.610" /><testcase classname="backend.tests.test_iteration34_metrics.TestDashboardOverview" name="test_dashboard_overview" time="0.372" /></testsuite></testsuites>