<?xml version="1.0" encoding="utf-8"?><testsuites name="pytest tests"><testsuite name="pytest" errors="0" failures="0" skipped="0" tests="17" time="2.421" timestamp="2026-04-04T05:16:59.858002+00:00" hostname="agent-env-cf297c22-2fcb-4b5f-9985-0db327c696a9"><testcase classname="backend.tests.test_iteration33_regression.TestHealthAndAuth" name="test_health_endpoint" time="0.154" /><testcase classname="backend.tests.test_iteration33_regression.TestHealthAndAuth" name="test_owner_login" time="0.301" /><testcase classname="backend.tests.test_iteration33_regression.TestHealthAndAuth" name="test_gm_login" time="0.270" /><testcase classname="backend.tests.test_iteration33_regression.TestHealthAndAuth" name="test_pm_login" time="0.269" /><testcase classname="backend.tests.test_iteration33_regression.TestTeamHierarchy" name="test_hierarchy_structure" time="0.320" /><testcase classname="backend.tests.test_iteration33_regression.TestTeamHierarchy" name="test_hierarchy_divisions_with_pms" time="0.049" /><testcase classname="backend.tests.test_iteration33_regression.TestTeamHierarchy" name="test_maintenance_division_pms" time="0.049" /><testcase classname="backend.tests.test_iteration33_regression.TestTeamHierarchy" name="test_tree_division_structure" time="0.048" /><testcase classname="backend.tests.test_iteration33_regression.TestTeamProfiles" name="test_profiles_count" time="0.048" /><testcase classname="backend.tests.test_iteration33_regression.TestTeamProfiles" name="test_profiles_have_correct_names" time="0.046" /><testcase classname="backend.tests.test_iteration33_regression.TestTimelineStats" name="test_crew_timeline_stats" time="0.051" /><testcase classname="backend.tests.test_iteration33_regression.TestTimelineStats" name="test_user_timeline_stats" time="0.097" /><testcase classname="backend.tests.test_iteration33_regression.TestPublicStandards" name="test_all_standards" time="0.053" /><testcase classname="backend.tests.test_iteration33_regression.TestPublicStandards" name="test_standards_filtered_by_division" time="0.139" /><testcase classname="backend.tests.test_iteration33_regression.TestCrewPortal" name="test_crew_access_links_exist" time="0.317" /><testcase classname="backend.tests.test_iteration33_regression.TestCrewPortal" name="test_crew_has_leader_name" time="0.046" /><testcase classname="backend.tests.test_iteration33_regression.TestQJAPage" name="test_qja_crew_links" time="0.057" /></testsuite></testsuites>