<?xml version="1.0" encoding="utf-8"?><testsuites name="pytest tests"><testsuite name="pytest" errors="0" failures="0" skipped="0" tests="20" time="2.768" timestamp="2026-04-09T00:55:11.654880+00:00" hostname="agent-env-cf297c22-2fcb-4b5f-9985-0db327c696a9"><testcase classname="tests.test_iteration43_demo_workflow.TestJobVerification" name="test_job_lmn6001_exists" time="0.503" /><testcase classname="tests.test_iteration43_demo_workflow.TestMaintenanceAlphaSubmissions" name="test_crew_submissions_count" time="0.067" /><testcase classname="tests.test_iteration43_demo_workflow.TestMaintenanceAlphaSubmissions" name="test_leader_submission_exists" time="0.061" /><testcase classname="tests.test_iteration43_demo_workflow.TestMaintenanceAlphaSubmissions" name="test_member_submission_exists" time="0.058" /><testcase classname="tests.test_iteration43_demo_workflow.TestMaintenanceAlphaSubmissions" name="test_emergency_submission_exists" time="0.065" /><testcase classname="tests.test_iteration43_demo_workflow.TestEmergencySubmissionFlags" name="test_emergency_is_emergency_flag" time="0.061" /><testcase classname="tests.test_iteration43_demo_workflow.TestEmergencySubmissionFlags" name="test_emergency_incident_not_acknowledged" time="0.056" /><testcase classname="tests.test_iteration43_demo_workflow.TestEmergencySubmissionFlags" name="test_emergency_in_active_incidents" time="0.063" /><testcase classname="tests.test_iteration43_demo_workflow.TestPhotoFileServing" name="test_leader_photo_served" time="0.577" /><testcase classname="tests.test_iteration43_demo_workflow.TestRapidReviews" name="test_rapid_reviews_exist" time="0.060" /><testcase classname="tests.test_iteration43_demo_workflow.TestRapidReviews" name="test_tim_rapid_review_on_leader" time="0.335" /><testcase classname="tests.test_iteration43_demo_workflow.TestRapidReviews" name="test_scott_w_rapid_review_on_member" time="0.053" /><testcase classname="tests.test_iteration43_demo_workflow.TestManagementReview" name="test_management_review_exists" time="0.052" /><testcase classname="tests.test_iteration43_demo_workflow.TestOwnerGMNoRapidReviews" name="test_owner_no_rapid_review_on_demo_submissions" time="0.174" /><testcase classname="tests.test_iteration43_demo_workflow.TestOwnerGMNoRapidReviews" name="test_gm_no_rapid_review_on_demo_submissions" time="0.222" /><testcase classname="tests.test_iteration43_demo_workflow.TestDashboardEmergencyWidget" name="test_dashboard_overview_loads" time="0.055" /><testcase classname="tests.test_iteration43_demo_workflow.TestDashboardEmergencyWidget" name="test_active_incidents_count" time="0.053" /><testcase classname="tests.test_iteration43_demo_workflow.TestCrewPortal" name="test_crew_portal_access" time="0.050" /><testcase classname="tests.test_iteration43_demo_workflow.TestCrewPortal" name="test_crew_submissions_history" time="0.050" /><testcase classname="tests.test_iteration43_demo_workflow.TestRapidReviewQueue" name="test_queue_shows_emergency" time="0.056" /></testsuite></testsuites>