<?xml version="1.0" encoding="utf-8"?><testsuites name="pytest tests"><testsuite name="pytest" errors="0" failures="0" skipped="0" tests="17" time="3.694" timestamp="2026-04-02T04:29:09.903988+00:00" hostname="agent-env-cf297c22-2fcb-4b5f-9985-0db327c696a9"><testcase classname="backend.tests.test_iteration23_reviewer_perf_coaching.TestReviewerPerformanceEndpoint" name="test_reviewer_performance_owner_access" time="0.567" /><testcase classname="backend.tests.test_iteration23_reviewer_perf_coaching.TestReviewerPerformanceEndpoint" name="test_reviewer_performance_management_denied" time="0.460" /><testcase classname="backend.tests.test_iteration23_reviewer_perf_coaching.TestReviewerPerformanceEndpoint" name="test_reviewer_performance_unauthenticated" time="0.106" /><testcase classname="backend.tests.test_iteration23_reviewer_perf_coaching.TestReviewerPerformanceEndpoint" name="test_reviewer_performance_period_options" time="0.479" /><testcase classname="backend.tests.test_iteration23_reviewer_perf_coaching.TestReviewerPerformanceEndpoint" name="test_reviewer_data_structure" time="0.107" /><testcase classname="backend.tests.test_iteration23_reviewer_perf_coaching.TestCoachingRecommendationsEndpoint" name="test_coaching_recommendations_owner_access" time="0.105" /><testcase classname="backend.tests.test_iteration23_reviewer_perf_coaching.TestCoachingRecommendationsEndpoint" name="test_coaching_recommendations_management_access" time="0.106" /><testcase classname="backend.tests.test_iteration23_reviewer_perf_coaching.TestCoachingRecommendationsEndpoint" name="test_coaching_recommendations_unauthenticated" time="0.100" /><testcase classname="backend.tests.test_iteration23_reviewer_perf_coaching.TestCoachingRecommendationsEndpoint" name="test_coaching_recommendations_structure" time="0.111" /><testcase classname="backend.tests.test_iteration23_reviewer_perf_coaching.TestAutoGenerateCoachingEndpoint" name="test_auto_generate_owner_access" time="0.145" /><testcase classname="backend.tests.test_iteration23_reviewer_perf_coaching.TestAutoGenerateCoachingEndpoint" name="test_auto_generate_management_access" time="0.111" /><testcase classname="backend.tests.test_iteration23_reviewer_perf_coaching.TestAutoGenerateCoachingEndpoint" name="test_auto_generate_unauthenticated" time="0.098" /><testcase classname="backend.tests.test_iteration23_reviewer_perf_coaching.TestAutoGenerateCoachingEndpoint" name="test_auto_generate_idempotent" time="0.245" /><testcase classname="backend.tests.test_iteration23_reviewer_perf_coaching.TestAutoGenerateCoachingEndpoint" name="test_auto_generate_session_structure" time="0.109" /><testcase classname="backend.tests.test_iteration23_reviewer_perf_coaching.TestHealthAndAuth" name="test_health_endpoint" time="0.095" /><testcase classname="backend.tests.test_iteration23_reviewer_perf_coaching.TestHealthAndAuth" name="test_owner_login" time="0.322" /><testcase classname="backend.tests.test_iteration23_reviewer_perf_coaching.TestHealthAndAuth" name="test_management_login" time="0.339" /></testsuite></testsuites>