<?xml version="1.0" encoding="utf-8"?><testsuites name="pytest tests"><testsuite name="pytest" errors="0" failures="0" skipped="0" tests="18" time="4.104" timestamp="2026-04-09T02:16:22.388269+00:00" hostname="agent-env-cf297c22-2fcb-4b5f-9985-0db327c696a9"><testcase classname="backend.tests.test_iteration44_features.TestCrewAssignmentsWeek" name="test_get_week_returns_200" time="0.813" /><testcase classname="backend.tests.test_iteration44_features.TestCrewAssignmentsWeek" name="test_get_week_with_start_param" time="0.128" /><testcase classname="backend.tests.test_iteration44_features.TestCrewAssignmentsWeek" name="test_pm_can_access_week" time="0.466" /><testcase classname="backend.tests.test_iteration44_features.TestCrewAssignmentsCRUD" name="test_create_assignment" time="0.244" /><testcase classname="backend.tests.test_iteration44_features.TestCrewAssignmentsCRUD" name="test_create_assignment_validation" time="0.106" /><testcase classname="backend.tests.test_iteration44_features.TestCrewAssignmentsCRUD" name="test_bulk_assignment" time="0.229" /><testcase classname="backend.tests.test_iteration44_features.TestCrewAssignmentsCRUD" name="test_delete_assignment" time="0.360" /><testcase classname="backend.tests.test_iteration44_features.TestCoachingScoreAnalysis" name="test_score_analysis_returns_200" time="0.108" /><testcase classname="backend.tests.test_iteration44_features.TestCoachingScoreAnalysis" name="test_score_analysis_crew_structure" time="0.108" /><testcase classname="backend.tests.test_iteration44_features.TestCoachingScoreAnalysis" name="test_score_analysis_division_filter" time="0.190" /><testcase classname="backend.tests.test_iteration44_features.TestSystemReferencePDF" name="test_pdf_returns_200" time="0.402" /><testcase classname="backend.tests.test_iteration44_features.TestSystemReferencePDF" name="test_pdf_without_token" time="0.160" /><testcase classname="backend.tests.test_iteration44_features.TestRubricsExpansion" name="test_rubrics_count" time="0.115" /><testcase classname="backend.tests.test_iteration44_features.TestRubricsExpansion" name="test_rubrics_divisions" time="0.113" /><testcase classname="backend.tests.test_iteration44_features.TestStandardsLibrary" name="test_standards_count" time="0.113" /><testcase classname="backend.tests.test_iteration44_features.TestStandardsLibrary" name="test_standards_structure" time="0.111" /><testcase classname="backend.tests.test_iteration44_features.TestReviewPageThemeCompliance" name="test_submissions_for_review" time="0.118" /><testcase classname="backend.tests.test_iteration44_features.TestReviewPageThemeCompliance" name="test_submission_with_field_report" time="0.117" /></testsuite></testsuites>