<?xml version="1.0" encoding="utf-8"?><testsuites name="pytest tests"><testsuite name="pytest" errors="0" failures="0" skipped="0" tests="24" time="6.116" timestamp="2026-04-07T00:13:49.743641+00:00" hostname="agent-env-cf297c22-2fcb-4b5f-9985-0db327c696a9"><testcase classname="backend.tests.test_iteration40_emergency_incidents.TestIncidentsEndpoint" name="test_incidents_active_returns_200_for_owner" time="0.520" /><testcase classname="backend.tests.test_iteration40_emergency_incidents.TestIncidentsEndpoint" name="test_incidents_active_returns_200_for_gm" time="0.446" /><testcase classname="backend.tests.test_iteration40_emergency_incidents.TestIncidentsEndpoint" name="test_incidents_active_requires_auth" time="0.104" /><testcase classname="backend.tests.test_iteration40_emergency_incidents.TestJobSearchDropdown" name="test_job_search_cedar_returns_results" time="0.462" /><testcase classname="backend.tests.test_iteration40_emergency_incidents.TestJobSearchDropdown" name="test_job_search_lake_returns_results" time="0.103" /><testcase classname="backend.tests.test_iteration40_emergency_incidents.TestJobSearchDropdown" name="test_job_search_oak_returns_results" time="0.112" /><testcase classname="backend.tests.test_iteration40_emergency_incidents.TestJobSearchDropdown" name="test_job_search_single_char_returns_empty" time="0.102" /><testcase classname="backend.tests.test_iteration40_emergency_incidents.TestDemoJobs" name="test_demo_jobs_exist" time="0.530" /><testcase classname="backend.tests.test_iteration40_emergency_incidents.TestDemoJobs" name="test_demo_jobs_have_varied_service_types" time="0.109" /><testcase classname="backend.tests.test_iteration40_emergency_incidents.TestEmergencySubmission" name="test_public_submission_endpoint_exists" time="0.109" /><testcase classname="backend.tests.test_iteration40_emergency_incidents.TestClientReportPage" name="test_client_quality_report_daily" time="0.443" /><testcase classname="backend.tests.test_iteration40_emergency_incidents.TestClientReportPage" name="test_client_quality_report_weekly" time="0.117" /><testcase classname="backend.tests.test_iteration40_emergency_incidents.TestClientReportPage" name="test_client_quality_report_monthly" time="0.118" /><testcase classname="backend.tests.test_iteration40_emergency_incidents.TestClientReportPage" name="test_client_quality_report_quarterly" time="0.147" /><testcase classname="backend.tests.test_iteration40_emergency_incidents.TestRegressionOverview" name="test_dashboard_overview" time="0.445" /><testcase classname="backend.tests.test_iteration40_emergency_incidents.TestRegressionOverview" name="test_division_quality_trend" time="0.110" /><testcase classname="backend.tests.test_iteration40_emergency_incidents.TestRegressionOverview" name="test_standards_compliance" time="0.102" /><testcase classname="backend.tests.test_iteration40_emergency_incidents.TestRegressionOverview" name="test_training_funnel" time="0.134" /><testcase classname="backend.tests.test_iteration40_emergency_incidents.TestRegressionOverview" name="test_coaching_loop" time="0.105" /><testcase classname="backend.tests.test_iteration40_emergency_incidents.TestRegressionNav" name="test_am_can_access_client_report" time="0.500" /><testcase classname="backend.tests.test_iteration40_emergency_incidents.TestRegressionNav" name="test_gm_can_access_client_report" time="0.497" /><testcase classname="backend.tests.test_iteration40_emergency_incidents.TestRegressionNav" name="test_owner_can_access_client_report" time="0.464" /><testcase classname="backend.tests.test_iteration40_emergency_incidents.TestCrewAccess" name="test_crew_access_bb01032c" time="0.118" /><testcase classname="backend.tests.test_iteration40_emergency_incidents.TestCrewAccess" name="test_crew_access_be1da0c6" time="0.116" /></testsuite></testsuites>