<?xml version="1.0" encoding="utf-8"?><testsuites name="pytest tests"><testsuite name="pytest" errors="0" failures="0" skipped="0" tests="20" time="3.844" timestamp="2026-04-01T21:58:06.747238+00:00" hostname="agent-env-cf297c22-2fcb-4b5f-9985-0db327c696a9"><testcase classname="backend.tests.test_iteration11_rapid_review_sessions.TestRapidReviewSessions" name="test_create_rapid_review_session" time="0.579" /><testcase classname="backend.tests.test_iteration11_rapid_review_sessions.TestRapidReviewSessions" name="test_create_session_owner_can_create" time="0.463" /><testcase classname="backend.tests.test_iteration11_rapid_review_sessions.TestRapidReviewSessions" name="test_complete_rapid_review_session" time="0.106" /><testcase classname="backend.tests.test_iteration11_rapid_review_sessions.TestRapidReviewSessions" name="test_get_rapid_review_sessions_paginated" time="0.112" /><testcase classname="backend.tests.test_iteration11_rapid_review_sessions.TestFlaggedReviews" name="test_get_flagged_reviews_concern" time="0.113" /><testcase classname="backend.tests.test_iteration11_rapid_review_sessions.TestFlaggedReviews" name="test_get_flagged_reviews_fast" time="0.118" /><testcase classname="backend.tests.test_iteration11_rapid_review_sessions.TestFlaggedReviews" name="test_get_flagged_reviews_all" time="0.111" /><testcase classname="backend.tests.test_iteration11_rapid_review_sessions.TestRapidReviewWithSessionTracking" name="test_rapid_review_accepts_swipe_duration_and_session_id" time="0.351" /><testcase classname="backend.tests.test_iteration11_rapid_review_sessions.TestRescoreFlaggedReviews" name="test_rescore_endpoint_exists" time="0.115" /><testcase classname="backend.tests.test_iteration11_rapid_review_sessions.TestRubricEditorCRUD" name="test_get_rubrics_with_inactive" time="0.114" /><testcase classname="backend.tests.test_iteration11_rapid_review_sessions.TestRubricEditorCRUD" name="test_create_rubric_gm" time="0.146" /><testcase classname="backend.tests.test_iteration11_rapid_review_sessions.TestRubricEditorCRUD" name="test_update_rubric_gm" time="0.153" /><testcase classname="backend.tests.test_iteration11_rapid_review_sessions.TestRubricEditorCRUD" name="test_deactivate_rubric_gm" time="0.109" /><testcase classname="backend.tests.test_iteration11_rapid_review_sessions.TestRubricEditorCRUD" name="test_reactivate_rubric_gm" time="0.104" /><testcase classname="backend.tests.test_iteration11_rapid_review_sessions.TestRubricEditorCRUD" name="test_supervisor_cannot_create_rubric" time="0.481" /><testcase classname="backend.tests.test_iteration11_rapid_review_sessions.TestRubricEditorCRUD" name="test_supervisor_cannot_update_rubric" time="0.112" /><testcase classname="backend.tests.test_iteration11_rapid_review_sessions.TestRubricEditorCRUD" name="test_cleanup_test_rubric" time="0.107" /><testcase classname="backend.tests.test_iteration11_rapid_review_sessions.TestDashboardOverviewEndpoint" name="test_dashboard_overview_loads" time="0.111" /><testcase classname="backend.tests.test_iteration11_rapid_review_sessions.TestRubricMatricesEndpoint" name="test_get_rubric_matrices_all" time="0.134" /><testcase classname="backend.tests.test_iteration11_rapid_review_sessions.TestRubricMatricesEndpoint" name="test_get_rubric_matrices_by_division" time="0.103" /></testsuite></testsuites>