<?xml version="1.0" encoding="utf-8"?><testsuites name="pytest tests"><testsuite name="pytest" errors="0" failures="0" skipped="0" tests="23" time="150.647" timestamp="2026-04-01T20:13:39.916543+00:00" hostname="agent-env-a23196f0-ba8c-487c-9f17-526572d9d9d9"><testcase classname="backend.tests.test_iteration9_features.TestAuth" name="test_owner_login" time="0.435" /><testcase classname="backend.tests.test_iteration9_features.TestAuth" name="test_production_manager_login" time="0.336" /><testcase classname="backend.tests.test_iteration9_features.TestCrewAccessLinkPatch" name="test_patch_crew_link_owner" time="0.786" /><testcase classname="backend.tests.test_iteration9_features.TestCrewAccessLinkPatch" name="test_patch_crew_link_management" time="0.718" /><testcase classname="backend.tests.test_iteration9_features.TestCrewAccessLinkPatch" name="test_patch_crew_link_returns_updated_data" time="0.712" /><testcase classname="backend.tests.test_iteration9_features.TestEquipmentLogs" name="test_get_equipment_logs_owner" time="0.453" /><testcase classname="backend.tests.test_iteration9_features.TestEquipmentLogs" name="test_get_equipment_logs_management" time="0.444" /><testcase classname="backend.tests.test_iteration9_features.TestEquipmentLogs" name="test_equipment_log_pagination" time="0.483" /><testcase classname="backend.tests.test_iteration9_features.TestEquipmentLogSubmission" name="test_submit_equipment_log_requires_access_code" time="0.119" /><testcase classname="backend.tests.test_iteration9_features.TestEquipmentLogSubmission" name="test_submit_equipment_log_with_valid_code" time="0.852" /><testcase classname="backend.tests.test_iteration9_features.TestEquipmentLogSubmission" name="test_submit_equipment_log_with_red_tag" time="0.820" /><testcase classname="backend.tests.test_iteration9_features.TestEquipmentForwardToOwner" name="test_forward_requires_gm_or_owner" time="1.729" /><testcase classname="backend.tests.test_iteration9_features.TestEquipmentForwardToOwner" name="test_gm_can_forward_to_owner" time="1.626" /><testcase classname="backend.tests.test_iteration9_features.TestDashboardOverview" name="test_overview_owner" time="0.479" /><testcase classname="backend.tests.test_iteration9_features.TestDashboardOverview" name="test_overview_management" time="0.463" /><testcase classname="backend.tests.test_iteration9_features.TestRapidReviewQueue" name="test_rapid_review_queue_owner" time="0.469" /><testcase classname="backend.tests.test_iteration9_features.TestRapidReviewQueue" name="test_rapid_review_queue_management" time="0.488" /><testcase classname="backend.tests.test_iteration9_features.TestStandardsLibrary" name="test_standards_list_owner" time="0.511" /><testcase classname="backend.tests.test_iteration9_features.TestStandardsLibrary" name="test_standards_list_management" time="0.488" /><testcase classname="backend.tests.test_iteration9_features.TestRepeatOffenders" name="test_repeat_offenders_owner" time="0.455" /><testcase classname="backend.tests.test_iteration9_features.TestRepeatOffenders" name="test_repeat_offenders_management" time="136.696" /><testcase classname="backend.tests.test_iteration9_features.TestNotifications" name="test_notifications_owner" time="0.498" /><testcase classname="backend.tests.test_iteration9_features.TestNotifications" name="test_notifications_management" time="0.511" /></testsuite></testsuites>