<?xml version="1.0" encoding="utf-8"?><testsuites name="pytest tests"><testsuite name="pytest" errors="0" failures="0" skipped="0" tests="9" time="1.066" timestamp="2026-04-04T06:23:56.615581+00:00" hostname="agent-env-cf297c22-2fcb-4b5f-9985-0db327c696a9"><testcase classname="backend.tests.test_iteration35_analytics_fix.TestAnalyticsFix" name="test_analytics_summary_returns_200" time="0.426" /><testcase classname="backend.tests.test_iteration35_analytics_fix.TestAnalyticsFix" name="test_analytics_summary_with_period_params" time="0.185" /><testcase classname="backend.tests.test_iteration35_analytics_fix.TestAnalyticsFix" name="test_analytics_random_sample_returns_200" time="0.045" /><testcase classname="backend.tests.test_iteration35_analytics_fix.TestAnalyticsFix" name="test_analytics_random_sample_with_filters" time="0.047" /><testcase classname="backend.tests.test_iteration35_analytics_fix.TestAnalyticsFix" name="test_analytics_variance_drilldown_returns_200" time="0.091" /><testcase classname="backend.tests.test_iteration35_analytics_fix.TestMetricEndpoints" name="test_division_quality_trend_returns_200" time="0.048" /><testcase classname="backend.tests.test_iteration35_analytics_fix.TestMetricEndpoints" name="test_standards_compliance_returns_200" time="0.045" /><testcase classname="backend.tests.test_iteration35_analytics_fix.TestMetricEndpoints" name="test_training_funnel_returns_200" time="0.046" /><testcase classname="backend.tests.test_iteration35_analytics_fix.TestDashboardOverview" name="test_dashboard_overview_returns_200" time="0.049" /></testsuite></testsuites>