<?xml version="1.0" encoding="utf-8"?><testsuites name="pytest tests"><testsuite name="pytest" errors="0" failures="3" skipped="0" tests="15" time="4.129" timestamp="2026-04-02T06:17:17.228939+00:00" hostname="agent-env-cf297c22-2fcb-4b5f-9985-0db327c696a9"><testcase classname="backend.tests.test_iteration25_password_pwa.TestChangePassword" name="test_change_password_success" time="1.865" /><testcase classname="backend.tests.test_iteration25_password_pwa.TestChangePassword" name="test_change_password_wrong_current" time="0.266" /><testcase classname="backend.tests.test_iteration25_password_pwa.TestChangePassword" name="test_change_password_too_short" time="0.265" /><testcase classname="backend.tests.test_iteration25_password_pwa.TestResetPassword" name="test_reset_user_password" time="1.150" /><testcase classname="backend.tests.test_iteration25_password_pwa.TestResetPassword" name="test_reset_password_nonexistent_user" time="0.045" /><testcase classname="backend.tests.test_iteration25_password_pwa.TestPWAManifest" name="test_manifest_accessible" time="0.043" /><testcase classname="backend.tests.test_iteration25_password_pwa.TestPWAManifest" name="test_manifest_valid_json" time="0.045" /><testcase classname="backend.tests.test_iteration25_password_pwa.TestPWAIcon" name="test_icon_accessible" time="0.043" /><testcase classname="backend.tests.test_iteration25_password_pwa.TestPWAIcon" name="test_icon_is_valid_svg" time="0.043" /><testcase classname="backend.tests.test_iteration25_password_pwa.TestIndexHtmlPWATags" name="test_index_html_accessible" time="0.043" /><testcase classname="backend.tests.test_iteration25_password_pwa.TestIndexHtmlPWATags" name="test_manifest_link_present" time="0.042"><failure message="AssertionError: index.html should have manifest link&#10;assert 'rel=&quot;manifest&quot;' in '&lt;!doctype html&gt;\n&lt;html lang=&quot;en&quot;&gt;\n    &lt;head&gt;\n        &lt;meta charset=&quot;utf-8&quot; /&gt;\n        &lt;meta name=&quot;viewport&quot; content=&quot;width=device-width, initial-scale=1&quot; /&gt;\n        &lt;meta name=&quot;theme-color&quot; content=&quot;#000000&quot; /&gt;\n        &lt;meta name=&quot;description&quot; content=&quot;A product of emergent.sh&quot; /&gt;\n        &lt;link rel=&quot;preconnect&quot; href=&quot;https://fonts.googleapis.com&quot; /&gt;\n        &lt;link rel=&quot;preconnect&quot; href=&quot;https://fonts.gstatic.com&quot; crossorigin /&gt;\n        &lt;link href=&quot;https://fonts.googleapis.com/css2?family=Inter:wght@600&amp;display=swap&quot; rel=&quot;stylesheet&quot; /&gt;\n        &lt;!--\n        manifest.json provides metadata used when your web app is installed on a\n        user\'s mobile device or desktop. See https://developers.google.com/web/fundamentals/web-app-manifest/\n        --&gt;\n        &lt;!--\n        Notice the use of  in the tags above.\n        It will be replaced with the URL of the `public` folder during the build.\n        Only files inside the `public` folder can be referenced from the HTML.\n\n        Unlike &quot;/favicon.ico&quot; or &quot;favicon.ico&quot;, &quot;/favicon.ico&quot; will\n        work correctly both with client-side routing and a non-root public URL.\n        Learn how to configure a non-root public U...les for anonymous users as well,\n                session_recording: {\n                    recordCrossOriginIframes: true,\n                    capturePerformance: false,\n                },\n            });\n        &lt;/script&gt;\n    &lt;script&gt;(function(){function c(){var b=a.contentDocument||a.contentWindow.document;if(b){var d=b.createElement(\'script\');d.innerHTML=&quot;window.__CF$cv$params={r:\'9e5db5c2f806f3d5\',t:\'MTc3NTExMDY0MQ==\'};var a=document.createElement(\'script\');a.src=\'/cdn-cgi/challenge-platform/scripts/jsd/main.js\';document.getElementsByTagName(\'head\')[0].appendChild(a);&quot;;b.getElementsByTagName(\'head\')[0].appendChild(d)}}if(document.body){var a=document.createElement(\'iframe\');a.height=1;a.width=1;a.style.position=\'absolute\';a.style.top=0;a.style.left=0;a.style.border=\'none\';a.style.visibility=\'hidden\';document.body.appendChild(a);if(\'loading\'!==document.readyState)c();else if(window.addEventListener)document.addEventListener(\'DOMContentLoaded\',c);else{var e=document.onreadystatechange||function(){};document.onreadystatechange=function(b){e(b);\'loading\'!==document.readyState&amp;&amp;(document.onreadystatechange=e,c())}}}})();&lt;/script&gt;&lt;/body&gt;\n&lt;/html&gt;\n'">backend/tests/test_iteration25_password_pwa.py:261: in test_manifest_link_present
    assert 'rel="manifest"' in content, "index.html should have manifest link"
E   AssertionError: index.html should have manifest link
E   assert 'rel="manifest"' in '&lt;!doctype html&gt;\n&lt;html lang="en"&gt;\n    &lt;head&gt;\n        &lt;meta charset="utf-8" /&gt;\n        &lt;meta name="viewport" content="width=device-width, initial-scale=1" /&gt;\n        &lt;meta name="theme-color" content="#000000" /&gt;\n        &lt;meta name="description" content="A product of emergent.sh" /&gt;\n        &lt;link rel="preconnect" href="https://fonts.googleapis.com" /&gt;\n        &lt;link rel="preconnect" href="https://fonts.gstatic.com" crossorigin /&gt;\n        &lt;link href="https://fonts.googleapis.com/css2?family=Inter:wght@600&amp;display=swap" rel="stylesheet" /&gt;\n        &lt;!--\n        manifest.json provides metadata used when your web app is installed on a\n        user\'s mobile device or desktop. See https://developers.google.com/web/fundamentals/web-app-manifest/\n        --&gt;\n        &lt;!--\n        Notice the use of  in the tags above.\n        It will be replaced with the URL of the `public` folder during the build.\n        Only files inside the `public` folder can be referenced from the HTML.\n\n        Unlike "/favicon.ico" or "favicon.ico", "/favicon.ico" will\n        work correctly both with client-side routing and a non-root public URL.\n        Learn how to configure a non-root public U...les for anonymous users as well,\n                session_recording: {\n                    recordCrossOriginIframes: true,\n                    capturePerformance: false,\n                },\n            });\n        &lt;/script&gt;\n    &lt;script&gt;(function(){function c(){var b=a.contentDocument||a.contentWindow.document;if(b){var d=b.createElement(\'script\');d.innerHTML="window.__CF$cv$params={r:\'9e5db5c2f806f3d5\',t:\'MTc3NTExMDY0MQ==\'};var a=document.createElement(\'script\');a.src=\'/cdn-cgi/challenge-platform/scripts/jsd/main.js\';document.getElementsByTagName(\'head\')[0].appendChild(a);";b.getElementsByTagName(\'head\')[0].appendChild(d)}}if(document.body){var a=document.createElement(\'iframe\');a.height=1;a.width=1;a.style.position=\'absolute\';a.style.top=0;a.style.left=0;a.style.border=\'none\';a.style.visibility=\'hidden\';document.body.appendChild(a);if(\'loading\'!==document.readyState)c();else if(window.addEventListener)document.addEventListener(\'DOMContentLoaded\',c);else{var e=document.onreadystatechange||function(){};document.onreadystatechange=function(b){e(b);\'loading\'!==document.readyState&amp;&amp;(document.onreadystatechange=e,c())}}}})();&lt;/script&gt;&lt;/body&gt;\n&lt;/html&gt;\n'</failure></testcase><testcase classname="backend.tests.test_iteration25_password_pwa.TestIndexHtmlPWATags" name="test_apple_mobile_web_app_capable" time="0.043"><failure message="AssertionError: index.html should have apple-mobile-web-app-capable meta tag&#10;assert 'apple-mobile-web-app-capable' in '&lt;!doctype html&gt;\n&lt;html lang=&quot;en&quot;&gt;\n    &lt;head&gt;\n        &lt;meta charset=&quot;utf-8&quot; /&gt;\n        &lt;meta name=&quot;viewport&quot; content=&quot;width=device-width, initial-scale=1&quot; /&gt;\n        &lt;meta name=&quot;theme-color&quot; content=&quot;#000000&quot; /&gt;\n        &lt;meta name=&quot;description&quot; content=&quot;A product of emergent.sh&quot; /&gt;\n        &lt;link rel=&quot;preconnect&quot; href=&quot;https://fonts.googleapis.com&quot; /&gt;\n        &lt;link rel=&quot;preconnect&quot; href=&quot;https://fonts.gstatic.com&quot; crossorigin /&gt;\n        &lt;link href=&quot;https://fonts.googleapis.com/css2?family=Inter:wght@600&amp;display=swap&quot; rel=&quot;stylesheet&quot; /&gt;\n        &lt;!--\n        manifest.json provides metadata used when your web app is installed on a\n        user\'s mobile device or desktop. See https://developers.google.com/web/fundamentals/web-app-manifest/\n        --&gt;\n        &lt;!--\n        Notice the use of  in the tags above.\n        It will be replaced with the URL of the `public` folder during the build.\n        Only files inside the `public` folder can be referenced from the HTML.\n\n        Unlike &quot;/favicon.ico&quot; or &quot;favicon.ico&quot;, &quot;/favicon.ico&quot; will\n        work correctly both with client-side routing and a non-root public URL.\n        Learn how to configure a non-root public U...les for anonymous users as well,\n                session_recording: {\n                    recordCrossOriginIframes: true,\n                    capturePerformance: false,\n                },\n            });\n        &lt;/script&gt;\n    &lt;script&gt;(function(){function c(){var b=a.contentDocument||a.contentWindow.document;if(b){var d=b.createElement(\'script\');d.innerHTML=&quot;window.__CF$cv$params={r:\'9e5db5c35886f3d5\',t:\'MTc3NTExMDY0MQ==\'};var a=document.createElement(\'script\');a.src=\'/cdn-cgi/challenge-platform/scripts/jsd/main.js\';document.getElementsByTagName(\'head\')[0].appendChild(a);&quot;;b.getElementsByTagName(\'head\')[0].appendChild(d)}}if(document.body){var a=document.createElement(\'iframe\');a.height=1;a.width=1;a.style.position=\'absolute\';a.style.top=0;a.style.left=0;a.style.border=\'none\';a.style.visibility=\'hidden\';document.body.appendChild(a);if(\'loading\'!==document.readyState)c();else if(window.addEventListener)document.addEventListener(\'DOMContentLoaded\',c);else{var e=document.onreadystatechange||function(){};document.onreadystatechange=function(b){e(b);\'loading\'!==document.readyState&amp;&amp;(document.onreadystatechange=e,c())}}}})();&lt;/script&gt;&lt;/body&gt;\n&lt;/html&gt;\n'">backend/tests/test_iteration25_password_pwa.py:270: in test_apple_mobile_web_app_capable
    assert 'apple-mobile-web-app-capable' in content, "index.html should have apple-mobile-web-app-capable meta tag"
E   AssertionError: index.html should have apple-mobile-web-app-capable meta tag
E   assert 'apple-mobile-web-app-capable' in '&lt;!doctype html&gt;\n&lt;html lang="en"&gt;\n    &lt;head&gt;\n        &lt;meta charset="utf-8" /&gt;\n        &lt;meta name="viewport" content="width=device-width, initial-scale=1" /&gt;\n        &lt;meta name="theme-color" content="#000000" /&gt;\n        &lt;meta name="description" content="A product of emergent.sh" /&gt;\n        &lt;link rel="preconnect" href="https://fonts.googleapis.com" /&gt;\n        &lt;link rel="preconnect" href="https://fonts.gstatic.com" crossorigin /&gt;\n        &lt;link href="https://fonts.googleapis.com/css2?family=Inter:wght@600&amp;display=swap" rel="stylesheet" /&gt;\n        &lt;!--\n        manifest.json provides metadata used when your web app is installed on a\n        user\'s mobile device or desktop. See https://developers.google.com/web/fundamentals/web-app-manifest/\n        --&gt;\n        &lt;!--\n        Notice the use of  in the tags above.\n        It will be replaced with the URL of the `public` folder during the build.\n        Only files inside the `public` folder can be referenced from the HTML.\n\n        Unlike "/favicon.ico" or "favicon.ico", "/favicon.ico" will\n        work correctly both with client-side routing and a non-root public URL.\n        Learn how to configure a non-root public U...les for anonymous users as well,\n                session_recording: {\n                    recordCrossOriginIframes: true,\n                    capturePerformance: false,\n                },\n            });\n        &lt;/script&gt;\n    &lt;script&gt;(function(){function c(){var b=a.contentDocument||a.contentWindow.document;if(b){var d=b.createElement(\'script\');d.innerHTML="window.__CF$cv$params={r:\'9e5db5c35886f3d5\',t:\'MTc3NTExMDY0MQ==\'};var a=document.createElement(\'script\');a.src=\'/cdn-cgi/challenge-platform/scripts/jsd/main.js\';document.getElementsByTagName(\'head\')[0].appendChild(a);";b.getElementsByTagName(\'head\')[0].appendChild(d)}}if(document.body){var a=document.createElement(\'iframe\');a.height=1;a.width=1;a.style.position=\'absolute\';a.style.top=0;a.style.left=0;a.style.border=\'none\';a.style.visibility=\'hidden\';document.body.appendChild(a);if(\'loading\'!==document.readyState)c();else if(window.addEventListener)document.addEventListener(\'DOMContentLoaded\',c);else{var e=document.onreadystatechange||function(){};document.onreadystatechange=function(b){e(b);\'loading\'!==document.readyState&amp;&amp;(document.onreadystatechange=e,c())}}}})();&lt;/script&gt;&lt;/body&gt;\n&lt;/html&gt;\n'</failure></testcase><testcase classname="backend.tests.test_iteration25_password_pwa.TestIndexHtmlPWATags" name="test_theme_color_meta" time="0.044"><failure message="AssertionError: theme-color should be #243e36&#10;assert '#243e36' in '&lt;!doctype html&gt;\n&lt;html lang=&quot;en&quot;&gt;\n    &lt;head&gt;\n        &lt;meta charset=&quot;utf-8&quot; /&gt;\n        &lt;meta name=&quot;viewport&quot; content=&quot;width=device-width, initial-scale=1&quot; /&gt;\n        &lt;meta name=&quot;theme-color&quot; content=&quot;#000000&quot; /&gt;\n        &lt;meta name=&quot;description&quot; content=&quot;A product of emergent.sh&quot; /&gt;\n        &lt;link rel=&quot;preconnect&quot; href=&quot;https://fonts.googleapis.com&quot; /&gt;\n        &lt;link rel=&quot;preconnect&quot; href=&quot;https://fonts.gstatic.com&quot; crossorigin /&gt;\n        &lt;link href=&quot;https://fonts.googleapis.com/css2?family=Inter:wght@600&amp;display=swap&quot; rel=&quot;stylesheet&quot; /&gt;\n        &lt;!--\n        manifest.json provides metadata used when your web app is installed on a\n        user\'s mobile device or desktop. See https://developers.google.com/web/fundamentals/web-app-manifest/\n        --&gt;\n        &lt;!--\n        Notice the use of  in the tags above.\n        It will be replaced with the URL of the `public` folder during the build.\n        Only files inside the `public` folder can be referenced from the HTML.\n\n        Unlike &quot;/favicon.ico&quot; or &quot;favicon.ico&quot;, &quot;/favicon.ico&quot; will\n        work correctly both with client-side routing and a non-root public URL.\n        Learn how to configure a non-root public U...les for anonymous users as well,\n                session_recording: {\n                    recordCrossOriginIframes: true,\n                    capturePerformance: false,\n                },\n            });\n        &lt;/script&gt;\n    &lt;script&gt;(function(){function c(){var b=a.contentDocument||a.contentWindow.document;if(b){var d=b.createElement(\'script\');d.innerHTML=&quot;window.__CF$cv$params={r:\'9e5db5c3a8f2f3d5\',t:\'MTc3NTExMDY0MQ==\'};var a=document.createElement(\'script\');a.src=\'/cdn-cgi/challenge-platform/scripts/jsd/main.js\';document.getElementsByTagName(\'head\')[0].appendChild(a);&quot;;b.getElementsByTagName(\'head\')[0].appendChild(d)}}if(document.body){var a=document.createElement(\'iframe\');a.height=1;a.width=1;a.style.position=\'absolute\';a.style.top=0;a.style.left=0;a.style.border=\'none\';a.style.visibility=\'hidden\';document.body.appendChild(a);if(\'loading\'!==document.readyState)c();else if(window.addEventListener)document.addEventListener(\'DOMContentLoaded\',c);else{var e=document.onreadystatechange||function(){};document.onreadystatechange=function(b){e(b);\'loading\'!==document.readyState&amp;&amp;(document.onreadystatechange=e,c())}}}})();&lt;/script&gt;&lt;/body&gt;\n&lt;/html&gt;\n'">backend/tests/test_iteration25_password_pwa.py:280: in test_theme_color_meta
    assert '#243e36' in content, "theme-color should be #243e36"
E   AssertionError: theme-color should be #243e36
E   assert '#243e36' in '&lt;!doctype html&gt;\n&lt;html lang="en"&gt;\n    &lt;head&gt;\n        &lt;meta charset="utf-8" /&gt;\n        &lt;meta name="viewport" content="width=device-width, initial-scale=1" /&gt;\n        &lt;meta name="theme-color" content="#000000" /&gt;\n        &lt;meta name="description" content="A product of emergent.sh" /&gt;\n        &lt;link rel="preconnect" href="https://fonts.googleapis.com" /&gt;\n        &lt;link rel="preconnect" href="https://fonts.gstatic.com" crossorigin /&gt;\n        &lt;link href="https://fonts.googleapis.com/css2?family=Inter:wght@600&amp;display=swap" rel="stylesheet" /&gt;\n        &lt;!--\n        manifest.json provides metadata used when your web app is installed on a\n        user\'s mobile device or desktop. See https://developers.google.com/web/fundamentals/web-app-manifest/\n        --&gt;\n        &lt;!--\n        Notice the use of  in the tags above.\n        It will be replaced with the URL of the `public` folder during the build.\n        Only files inside the `public` folder can be referenced from the HTML.\n\n        Unlike "/favicon.ico" or "favicon.ico", "/favicon.ico" will\n        work correctly both with client-side routing and a non-root public URL.\n        Learn how to configure a non-root public U...les for anonymous users as well,\n                session_recording: {\n                    recordCrossOriginIframes: true,\n                    capturePerformance: false,\n                },\n            });\n        &lt;/script&gt;\n    &lt;script&gt;(function(){function c(){var b=a.contentDocument||a.contentWindow.document;if(b){var d=b.createElement(\'script\');d.innerHTML="window.__CF$cv$params={r:\'9e5db5c3a8f2f3d5\',t:\'MTc3NTExMDY0MQ==\'};var a=document.createElement(\'script\');a.src=\'/cdn-cgi/challenge-platform/scripts/jsd/main.js\';document.getElementsByTagName(\'head\')[0].appendChild(a);";b.getElementsByTagName(\'head\')[0].appendChild(d)}}if(document.body){var a=document.createElement(\'iframe\');a.height=1;a.width=1;a.style.position=\'absolute\';a.style.top=0;a.style.left=0;a.style.border=\'none\';a.style.visibility=\'hidden\';document.body.appendChild(a);if(\'loading\'!==document.readyState)c();else if(window.addEventListener)document.addEventListener(\'DOMContentLoaded\',c);else{var e=document.onreadystatechange||function(){};document.onreadystatechange=function(b){e(b);\'loading\'!==document.readyState&amp;&amp;(document.onreadystatechange=e,c())}}}})();&lt;/script&gt;&lt;/body&gt;\n&lt;/html&gt;\n'</failure></testcase><testcase classname="backend.tests.test_iteration25_password_pwa.Test401Interceptor" name="test_invalid_token_returns_401" time="0.043" /><testcase classname="backend.tests.test_iteration25_password_pwa.Test401Interceptor" name="test_expired_token_format" time="0.042" /></testsuite></testsuites>