<?xml version="1.0" encoding="utf-8"?><testsuites name="pytest tests"><testsuite name="pytest" errors="0" failures="0" skipped="0" tests="30" time="5.915" timestamp="2026-04-06T23:41:57.028231+00:00" hostname="agent-env-cf297c22-2fcb-4b5f-9985-0db327c696a9"><testcase classname="backend.tests.test_iteration39_client_report.TestHealthCheck" name="test_health_endpoint" time="0.201" /><testcase classname="backend.tests.test_iteration39_client_report.TestJobSearchAPI" name="test_job_search_owner_access" time="0.467" /><testcase classname="backend.tests.test_iteration39_client_report.TestJobSearchAPI" name="test_job_search_gm_access" time="0.432" /><testcase classname="backend.tests.test_iteration39_client_report.TestJobSearchAPI" name="test_job_search_account_manager_access" time="0.462" /><testcase classname="backend.tests.test_iteration39_client_report.TestJobSearchAPI" name="test_job_search_returns_results" time="0.128" /><testcase classname="backend.tests.test_iteration39_client_report.TestJobSearchAPI" name="test_job_search_with_query" time="0.183" /><testcase classname="backend.tests.test_iteration39_client_report.TestJobSearchAPI" name="test_job_search_requires_auth" time="0.098" /><testcase classname="backend.tests.test_iteration39_client_report.TestClientQualityReportAPI" name="test_client_quality_daily" time="0.184" /><testcase classname="backend.tests.test_iteration39_client_report.TestClientQualityReportAPI" name="test_client_quality_weekly" time="0.106" /><testcase classname="backend.tests.test_iteration39_client_report.TestClientQualityReportAPI" name="test_client_quality_monthly" time="0.110" /><testcase classname="backend.tests.test_iteration39_client_report.TestClientQualityReportAPI" name="test_client_quality_quarterly" time="0.103" /><testcase classname="backend.tests.test_iteration39_client_report.TestClientQualityReportAPI" name="test_client_quality_property_structure" time="0.165" /><testcase classname="backend.tests.test_iteration39_client_report.TestClientQualityReportAPI" name="test_client_quality_account_manager_access" time="0.206" /><testcase classname="backend.tests.test_iteration39_client_report.TestClientQualityReportAPI" name="test_client_quality_requires_auth" time="0.116" /><testcase classname="backend.tests.test_iteration39_client_report.TestPDFExportAPI" name="test_pdf_export_owner_access" time="0.352" /><testcase classname="backend.tests.test_iteration39_client_report.TestPDFExportAPI" name="test_pdf_export_gm_access" time="0.122" /><testcase classname="backend.tests.test_iteration39_client_report.TestPDFExportAPI" name="test_pdf_export_account_manager_access" time="0.130" /><testcase classname="backend.tests.test_iteration39_client_report.TestPDFExportAPI" name="test_pdf_export_content_disposition" time="0.130" /><testcase classname="backend.tests.test_iteration39_client_report.TestPDFExportAPI" name="test_pdf_export_with_different_periods" time="0.546" /><testcase classname="backend.tests.test_iteration39_client_report.TestPDFExportAPI" name="test_pdf_export_requires_auth" time="0.126" /><testcase classname="backend.tests.test_iteration39_client_report.TestCrewDivisionCascade" name="test_get_crew_access_links" time="0.109" /><testcase classname="backend.tests.test_iteration39_client_report.TestCrewDivisionCascade" name="test_patch_crew_link_updates_division" time="0.267" /><testcase classname="backend.tests.test_iteration39_client_report.TestCrewMemberDivisionSync" name="test_get_crew_member_by_code" time="0.228" /><testcase classname="backend.tests.test_iteration39_client_report.TestCrewMemberDivisionSync" name="test_crew_member_invalid_code" time="0.122" /><testcase classname="backend.tests.test_iteration39_client_report.TestRegressionChecks" name="test_dashboard_overview" time="0.122" /><testcase classname="backend.tests.test_iteration39_client_report.TestRegressionChecks" name="test_metrics_division_quality_trend" time="0.122" /><testcase classname="backend.tests.test_iteration39_client_report.TestRegressionChecks" name="test_metrics_standards_compliance" time="0.100" /><testcase classname="backend.tests.test_iteration39_client_report.TestRegressionChecks" name="test_metrics_training_funnel" time="0.138" /><testcase classname="backend.tests.test_iteration39_client_report.TestRegressionChecks" name="test_coaching_loop_report" time="0.121" /><testcase classname="backend.tests.test_iteration39_client_report.TestRegressionChecks" name="test_onboarding_progress" time="0.108" /></testsuite></testsuites>