<?xml version="1.0" encoding="utf-8"?><testsuites name="pytest tests"><testsuite name="pytest" errors="0" failures="0" skipped="0" tests="13" time="5.381" timestamp="2026-04-09T02:30:30.949758+00:00" hostname="agent-env-cf297c22-2fcb-4b5f-9985-0db327c696a9"><testcase classname="backend.tests.test_iteration45_features.TestAuth" name="test_owner_login" time="0.490" /><testcase classname="backend.tests.test_iteration45_features.TestAuth" name="test_pm_login" time="0.332" /><testcase classname="backend.tests.test_iteration45_features.TestRubrics" name="test_get_rubrics_returns_33_active" time="0.470" /><testcase classname="backend.tests.test_iteration45_features.TestRubrics" name="test_rubrics_cover_7_divisions" time="0.113" /><testcase classname="backend.tests.test_iteration45_features.TestStandards" name="test_get_standards_returns_25" time="0.462" /><testcase classname="backend.tests.test_iteration45_features.TestCrewAssignments" name="test_get_week_assignments" time="0.461" /><testcase classname="backend.tests.test_iteration45_features.TestCrewAssignments" name="test_create_assignment" time="0.371" /><testcase classname="backend.tests.test_iteration45_features.TestCrewAssignments" name="test_delete_assignment" time="0.214" /><testcase classname="backend.tests.test_iteration45_features.TestCrewAssignments" name="test_bulk_assign" time="0.110" /><testcase classname="backend.tests.test_iteration45_features.TestCoaching" name="test_score_analysis_endpoint" time="0.527" /><testcase classname="backend.tests.test_iteration45_features.TestPDFExports" name="test_system_reference_pdf" time="0.740" /><testcase classname="backend.tests.test_iteration45_features.TestDashboard" name="test_dashboard_overview" time="0.468" /><testcase classname="backend.tests.test_iteration45_features.TestRubricMatrices" name="test_rubric_matrices" time="0.529" /></testsuite></testsuites>