<?xml version="1.0" encoding="utf-8"?><testsuites name="pytest tests"><testsuite name="pytest" errors="0" failures="0" skipped="0" tests="14" time="2.434" timestamp="2026-04-02T16:20:58.918256+00:00" hostname="agent-env-cf297c22-2fcb-4b5f-9985-0db327c696a9"><testcase classname="backend.tests.test_iteration27_crew_members.TestCrewMemberRegistration" name="test_register_crew_member_success" time="0.234" /><testcase classname="backend.tests.test_iteration27_crew_members.TestCrewMemberRegistration" name="test_register_crew_member_empty_name_fails" time="0.147" /><testcase classname="backend.tests.test_iteration27_crew_members.TestCrewMemberRegistration" name="test_register_crew_member_invalid_parent_code" time="0.149" /><testcase classname="backend.tests.test_iteration27_crew_members.TestCrewMemberProfile" name="test_get_crew_member_profile_success" time="0.159" /><testcase classname="backend.tests.test_iteration27_crew_members.TestCrewMemberProfile" name="test_get_crew_member_invalid_code_returns_404" time="0.187" /><testcase classname="backend.tests.test_iteration27_crew_members.TestCrewMemberStandards" name="test_get_crew_member_standards_success" time="0.116" /><testcase classname="backend.tests.test_iteration27_crew_members.TestCrewMemberStandards" name="test_get_standards_invalid_member_code_returns_404" time="0.131" /><testcase classname="backend.tests.test_iteration27_crew_members.TestCrewMemberTraining" name="test_get_crew_member_training_success" time="0.213" /><testcase classname="backend.tests.test_iteration27_crew_members.TestCrewMemberTraining" name="test_get_training_invalid_member_code_returns_404" time="0.115" /><testcase classname="backend.tests.test_iteration27_crew_members.TestCrewMemberSubmissions" name="test_get_crew_member_submissions_success" time="0.126" /><testcase classname="backend.tests.test_iteration27_crew_members.TestCrewMemberSubmissions" name="test_get_submissions_pagination" time="0.129" /><testcase classname="backend.tests.test_iteration27_crew_members.TestCrewMemberSubmissions" name="test_get_submissions_invalid_member_code_returns_404" time="0.163" /><testcase classname="backend.tests.test_iteration27_crew_members.TestCrewAccessLinkForMemberInvite" name="test_get_crew_access_link_for_invite" time="0.117" /><testcase classname="backend.tests.test_iteration27_crew_members.TestEndToEndMemberFlow" name="test_full_member_registration_flow" time="0.335" /></testsuite></testsuites>