<?xml version="1.0" encoding="utf-8"?><testsuites name="pytest tests"><testsuite name="pytest" errors="0" failures="0" skipped="0" tests="7" time="1.797" timestamp="2026-03-30T03:30:24.424260+00:00" hostname="agent-env-a23196f0-ba8c-487c-9f17-526572d9d9d9"><testcase classname="backend.tests.test_notifications_and_heatmap" name="test_management_notification_after_crew_submission" time="0.718" /><testcase classname="backend.tests.test_notifications_and_heatmap" name="test_management_review_creates_owner_and_crew_notifications" time="0.168" /><testcase classname="backend.tests.test_notifications_and_heatmap" name="test_owner_notification_after_management_review" time="0.328" /><testcase classname="backend.tests.test_notifications_and_heatmap" name="test_notifications_mark_read" time="0.158" /><testcase classname="backend.tests.test_notifications_and_heatmap" name="test_analytics_calibration_heatmap_shape" time="0.056" /><testcase classname="backend.tests.test_notifications_and_heatmap" name="test_settings_blueprint_and_learning_content_sources" time="0.106" /><testcase classname="backend.tests.test_notifications_and_heatmap" name="test_owner_review_and_exports_still_work" time="0.175" /></testsuite></testsuites>