<?xml version="1.0" encoding="utf-8"?><testsuites name="pytest tests"><testsuite name="pytest" errors="0" failures="0" skipped="0" tests="21" time="3.862" timestamp="2026-04-04T07:30:19.928743+00:00" hostname="agent-env-cf297c22-2fcb-4b5f-9985-0db327c696a9"><testcase classname="tests.test_iteration37_new_features.TestServerRefactor" name="test_health_endpoint" time="0.129" /><testcase classname="tests.test_iteration37_new_features.TestServerRefactor" name="test_auth_login_after_refactor" time="0.362" /><testcase classname="tests.test_iteration37_new_features.TestPDFExport" name="test_am_report_pdf_returns_200" time="0.641" /><testcase classname="tests.test_iteration37_new_features.TestPDFExport" name="test_am_report_pdf_has_content_disposition" time="0.109" /><testcase classname="tests.test_iteration37_new_features.TestPDFExport" name="test_am_report_pdf_requires_auth" time="0.099" /><testcase classname="tests.test_iteration37_new_features.TestPDFExport" name="test_am_report_pdf_pm_can_access" time="0.434" /><testcase classname="tests.test_iteration37_new_features.TestOnboardingProgress" name="test_onboarding_progress_all_divisions" time="0.107" /><testcase classname="tests.test_iteration37_new_features.TestOnboardingProgress" name="test_onboarding_progress_crew_structure" time="0.112" /><testcase classname="tests.test_iteration37_new_features.TestOnboardingProgress" name="test_onboarding_progress_install_filter" time="0.100" /><testcase classname="tests.test_iteration37_new_features.TestOnboardingProgress" name="test_onboarding_progress_requires_auth" time="0.089" /><testcase classname="tests.test_iteration37_new_features.TestCoachingLoop" name="test_coaching_loop_report_all" time="0.165" /><testcase classname="tests.test_iteration37_new_features.TestCoachingLoop" name="test_coaching_assign_creates_action" time="0.212" /><testcase classname="tests.test_iteration37_new_features.TestCoachingLoop" name="test_coaching_assign_requires_crew_code" time="0.103" /><testcase classname="tests.test_iteration37_new_features.TestCoachingLoop" name="test_coaching_complete_marks_completed" time="0.216" /><testcase classname="tests.test_iteration37_new_features.TestCoachingLoop" name="test_coaching_complete_invalid_id" time="0.105" /><testcase classname="tests.test_iteration37_new_features.TestCoachingLoop" name="test_coaching_loop_requires_auth" time="0.276" /><testcase classname="tests.test_iteration37_new_features.TestRegressionAfterRefactor" name="test_weekly_digest_still_works" time="0.101" /><testcase classname="tests.test_iteration37_new_features.TestRegressionAfterRefactor" name="test_crew_leader_performance_still_works" time="0.103" /><testcase classname="tests.test_iteration37_new_features.TestRegressionAfterRefactor" name="test_dashboard_overview_still_works" time="0.102" /><testcase classname="tests.test_iteration37_new_features.TestRegressionAfterRefactor" name="test_submissions_endpoint_still_works" time="0.102" /><testcase classname="tests.test_iteration37_new_features.TestRegressionAfterRefactor" name="test_rubric_matrices_still_works" time="0.099" /></testsuite></testsuites>