<?xml version="1.0" encoding="utf-8"?><testsuites name="pytest tests"><testsuite name="pytest" errors="0" failures="0" skipped="0" tests="8" time="2.698" timestamp="2026-03-30T05:04:00.380303+00:00" hostname="agent-env-a23196f0-ba8c-487c-9f17-526572d9d9d9"><testcase classname="backend.tests.test_updated_workflow_roles_and_issue_pipeline" name="test_all_required_role_logins_and_auth_me" time="1.809" /><testcase classname="backend.tests.test_updated_workflow_roles_and_issue_pipeline" name="test_owner_only_calibration_write_access" time="0.062" /><testcase classname="backend.tests.test_updated_workflow_roles_and_issue_pipeline" name="test_owner_can_access_calibration_and_analytics_workspace_apis" time="0.096" /><testcase classname="backend.tests.test_updated_workflow_roles_and_issue_pipeline" name="test_free_text_submission_visible_in_management_review" time="0.148" /><testcase classname="backend.tests.test_updated_workflow_roles_and_issue_pipeline" name="test_field_issue_notifications_target_pm_and_account_manager" time="0.101" /><testcase classname="backend.tests.test_updated_workflow_roles_and_issue_pipeline" name="test_management_review_still_works_for_free_text_submission" time="0.199" /><testcase classname="backend.tests.test_updated_workflow_roles_and_issue_pipeline" name="test_owner_review_shows_field_issue_and_can_finalize" time="0.098" /><testcase classname="backend.tests.test_updated_workflow_roles_and_issue_pipeline" name="test_exports_include_revised_workflow_data" time="0.100" /></testsuite></testsuites>