<?xml version="1.0" encoding="utf-8"?><testsuites name="pytest tests"><testsuite name="pytest" errors="0" failures="0" skipped="0" tests="16" time="3.768" timestamp="2026-04-04T03:59:08.056167+00:00" hostname="agent-env-cf297c22-2fcb-4b5f-9985-0db327c696a9"><testcase classname="backend.tests.test_iteration31_standards_team_crew.TestPublicStandardsAPI" name="test_standards_no_filter_returns_all" time="0.262" /><testcase classname="backend.tests.test_iteration31_standards_team_crew.TestPublicStandardsAPI" name="test_standards_maintenance_filter" time="0.114" /><testcase classname="backend.tests.test_iteration31_standards_team_crew.TestPublicStandardsAPI" name="test_standards_install_filter" time="0.120" /><testcase classname="backend.tests.test_iteration31_standards_team_crew.TestPublicStandardsAPI" name="test_standards_different_divisions_return_different_results" time="0.236" /><testcase classname="backend.tests.test_iteration31_standards_team_crew.TestTeamProfilesAPI" name="test_team_profiles_returns_profiles" time="0.543" /><testcase classname="backend.tests.test_iteration31_standards_team_crew.TestTeamProfilesAPI" name="test_team_profiles_crew_leader_shows_leader_name" time="0.115" /><testcase classname="backend.tests.test_iteration31_standards_team_crew.TestTeamProfilesAPI" name="test_team_structure_shows_leader_names" time="0.103" /><testcase classname="backend.tests.test_iteration31_standards_team_crew.TestTeamTimelineStatsAPI" name="test_timeline_stats_default_months" time="0.218" /><testcase classname="backend.tests.test_iteration31_standards_team_crew.TestTeamTimelineStatsAPI" name="test_timeline_stats_6_months" time="0.229" /><testcase classname="backend.tests.test_iteration31_standards_team_crew.TestTeamTimelineStatsAPI" name="test_timeline_stats_various_periods" time="0.664" /><testcase classname="backend.tests.test_iteration31_standards_team_crew.TestTeamTimelineStatsAPI" name="test_timeline_stats_requires_auth" time="0.096" /><testcase classname="backend.tests.test_iteration31_standards_team_crew.TestTeamHierarchy" name="test_hierarchy_structure" time="0.106" /><testcase classname="backend.tests.test_iteration31_standards_team_crew.TestCrewLinkLeaderName" name="test_create_crew_link_with_leader_name" time="0.220" /><testcase classname="backend.tests.test_iteration31_standards_team_crew.TestCrewLinkLeaderName" name="test_update_crew_link_leader_name" time="0.431" /><testcase classname="backend.tests.test_iteration31_standards_team_crew.TestDemoCrewAccess" name="test_demo_crew_exists" time="0.106" /><testcase classname="backend.tests.test_iteration31_standards_team_crew.TestNavRename" name="test_login_and_check_nav" time="0.104" /></testsuite></testsuites>