<?xml version="1.0" encoding="utf-8"?><testsuites name="pytest tests"><testsuite name="pytest" errors="0" failures="0" skipped="0" tests="18" time="5.308" timestamp="2026-04-01T21:13:17.573642+00:00" hostname="agent-env-cf297c22-2fcb-4b5f-9985-0db327c696a9"><testcase classname="backend.tests.test_iteration10_rubric_matrices.TestRubricMatricesGET" name="test_get_rubric_matrices_returns_list" time="0.514" /><testcase classname="backend.tests.test_iteration10_rubric_matrices.TestRubricMatricesGET" name="test_get_rubric_matrices_filter_by_division" time="0.130" /><testcase classname="backend.tests.test_iteration10_rubric_matrices.TestRubricMatricesGET" name="test_get_rubric_matrices_filter_by_maintenance" time="0.123" /><testcase classname="backend.tests.test_iteration10_rubric_matrices.TestRubricMatricesGET" name="test_get_rubric_matrices_owner_access" time="0.442" /><testcase classname="backend.tests.test_iteration10_rubric_matrices.TestRubricMatricesGET" name="test_get_rubric_matrices_supervisor_access" time="0.522" /><testcase classname="backend.tests.test_iteration10_rubric_matrices.TestRubricMatricesPOST" name="test_gm_can_create_rubric_matrix" time="0.130" /><testcase classname="backend.tests.test_iteration10_rubric_matrices.TestRubricMatricesPOST" name="test_owner_can_create_rubric_matrix" time="0.114" /><testcase classname="backend.tests.test_iteration10_rubric_matrices.TestRubricMatricesPOST" name="test_supervisor_cannot_create_rubric_matrix" time="0.182" /><testcase classname="backend.tests.test_iteration10_rubric_matrices.TestRubricMatricesPOST" name="test_pm_cannot_create_rubric_matrix" time="0.458" /><testcase classname="backend.tests.test_iteration10_rubric_matrices.TestRubricMatricesPATCH" name="test_gm_can_update_rubric_matrix" time="0.251" /><testcase classname="backend.tests.test_iteration10_rubric_matrices.TestRubricMatricesPATCH" name="test_owner_can_update_rubric_matrix" time="0.244" /><testcase classname="backend.tests.test_iteration10_rubric_matrices.TestRubricMatricesPATCH" name="test_supervisor_cannot_update_rubric_matrix" time="0.211" /><testcase classname="backend.tests.test_iteration10_rubric_matrices.TestRubricMatricesDELETE" name="test_gm_can_delete_rubric_matrix" time="0.228" /><testcase classname="backend.tests.test_iteration10_rubric_matrices.TestRubricMatricesDELETE" name="test_supervisor_cannot_delete_rubric_matrix" time="0.251" /><testcase classname="backend.tests.test_iteration10_rubric_matrices.TestRubricMatricesDELETE" name="test_pm_cannot_delete_rubric_matrix" time="0.226" /><testcase classname="backend.tests.test_iteration10_rubric_matrices.TestRubricMatricesDataIntegrity" name="test_all_rubrics_have_division_field" time="0.118" /><testcase classname="backend.tests.test_iteration10_rubric_matrices.TestRubricMatricesDataIntegrity" name="test_rubric_categories_structure" time="0.108" /><testcase classname="backend.tests.test_iteration10_rubric_matrices.TestCleanup" name="test_cleanup_test_rubrics" time="0.965" /></testsuite></testsuites>