<?xml version="1.0" encoding="utf-8"?><testsuites name="pytest tests"><testsuite name="pytest" errors="0" failures="0" skipped="0" tests="12" time="2.730" timestamp="2026-04-03T00:18:08.226656+00:00" hostname="agent-env-cf297c22-2fcb-4b5f-9985-0db327c696a9"><testcase classname="backend.tests.test_iteration28_standards_categories.TestStandardCategories" name="test_get_categories_returns_30_plus_items" time="0.510" /><testcase classname="backend.tests.test_iteration28_standards_categories.TestStandardCategories" name="test_categories_sorted_alphabetically" time="0.116" /><testcase classname="backend.tests.test_iteration28_standards_categories.TestStandardCategories" name="test_management_can_access_categories" time="0.457" /><testcase classname="backend.tests.test_iteration28_standards_categories.TestStandardCategories" name="test_categories_requires_auth" time="0.109" /><testcase classname="backend.tests.test_iteration28_standards_categories.TestDeleteStandard" name="test_delete_standard_success" time="0.212" /><testcase classname="backend.tests.test_iteration28_standards_categories.TestDeleteStandard" name="test_delete_nonexistent_standard_returns_404" time="0.120" /><testcase classname="backend.tests.test_iteration28_standards_categories.TestDeleteStandard" name="test_management_can_delete_standard" time="0.241" /><testcase classname="backend.tests.test_iteration28_standards_categories.TestDeleteStandard" name="test_delete_requires_auth" time="0.111" /><testcase classname="backend.tests.test_iteration28_standards_categories.TestPatchStandard" name="test_patch_standard_success" time="0.204" /><testcase classname="backend.tests.test_iteration28_standards_categories.TestPatchStandard" name="test_patch_nonexistent_standard_returns_404" time="0.099" /><testcase classname="backend.tests.test_iteration28_standards_categories.TestCustomCategoryInFutureList" name="test_custom_category_appears_in_list" time="0.195" /><testcase classname="backend.tests.test_iteration28_standards_categories.TestStandardsListEndpoint" name="test_filter_by_category" time="0.264" /></testsuite></testsuites>