<?xml version="1.0" encoding="utf-8"?><testsuites name="pytest tests"><testsuite name="pytest" errors="0" failures="0" skipped="0" tests="16" time="4.133" timestamp="2026-04-04T02:05:02.153439+00:00" hostname="agent-env-cf297c22-2fcb-4b5f-9985-0db327c696a9"><testcase classname="backend.tests.test_iteration30_team_qr_archive.TestLoginCredentials" name="test_login_owner_sadam" time="0.436" /><testcase classname="backend.tests.test_iteration30_team_qr_archive.TestLoginCredentials" name="test_login_gm_tyler" time="0.275" /><testcase classname="backend.tests.test_iteration30_team_qr_archive.TestLoginCredentials" name="test_login_accm_megan" time="0.273" /><testcase classname="backend.tests.test_iteration30_team_qr_archive.TestLoginCredentials" name="test_login_accm_daniel" time="0.277" /><testcase classname="backend.tests.test_iteration30_team_qr_archive.TestLoginCredentials" name="test_login_fails_old_owner" time="0.048" /><testcase classname="backend.tests.test_iteration30_team_qr_archive.TestLoginCredentials" name="test_login_fails_old_gm" time="0.051" /><testcase classname="backend.tests.test_iteration30_team_qr_archive.TestTeamProfiles" name="test_profiles_returns_correct_data" time="0.322" /><testcase classname="backend.tests.test_iteration30_team_qr_archive.TestTeamProfiles" name="test_profiles_contain_correct_names" time="0.049" /><testcase classname="backend.tests.test_iteration30_team_qr_archive.TestTeamHierarchy" name="test_hierarchy_brad_s_is_production_manager" time="0.052" /><testcase classname="backend.tests.test_iteration30_team_qr_archive.TestTeamHierarchy" name="test_hierarchy_structure_complete" time="0.052" /><testcase classname="backend.tests.test_iteration30_team_qr_archive.TestCrewAccessArchive" name="test_archive_crew_link" time="0.224" /><testcase classname="backend.tests.test_iteration30_team_qr_archive.TestCrewAccessDelete" name="test_delete_crew_link_permanently" time="0.198" /><testcase classname="backend.tests.test_iteration30_team_qr_archive.TestCrewAccessDelete" name="test_delete_requires_owner_role" time="0.687" /><testcase classname="backend.tests.test_iteration30_team_qr_archive.TestAvatarUpload" name="test_avatar_upload_endpoint_exists" time="0.098" /><testcase classname="backend.tests.test_iteration30_team_qr_archive.TestAvatarUpload" name="test_avatar_upload_with_file" time="0.944" /><testcase classname="backend.tests.test_iteration30_team_qr_archive.TestCrewLinkProjection" name="test_inactive_links_include_archive_fields" time="0.049" /></testsuite></testsuites>