<?xml version="1.0" encoding="utf-8"?><testsuites name="pytest tests"><testsuite name="pytest" errors="0" failures="0" skipped="0" tests="14" time="6.291" timestamp="2026-04-02T01:36:50.761009+00:00" hostname="agent-env-cf297c22-2fcb-4b5f-9985-0db327c696a9"><testcase classname="backend.tests.test_iteration15_features.TestAuthLogin" name="test_gm_login_success" time="0.496" /><testcase classname="backend.tests.test_iteration15_features.TestAuthLogin" name="test_owner_login_success" time="0.339" /><testcase classname="backend.tests.test_iteration15_features.TestSubmissionsWorkDate" name="test_submissions_returns_23_total" time="0.469" /><testcase classname="backend.tests.test_iteration15_features.TestSubmissionsWorkDate" name="test_submissions_have_work_date_field" time="0.478" /><testcase classname="backend.tests.test_iteration15_features.TestSubmissionsWorkDate" name="test_submissions_have_captured_at_field" time="0.550" /><testcase classname="backend.tests.test_iteration15_features.TestRepeatOffendersWindowFiltering" name="test_repeat_offenders_30_days" time="0.457" /><testcase classname="backend.tests.test_iteration15_features.TestRepeatOffendersWindowFiltering" name="test_repeat_offenders_240_days" time="0.436" /><testcase classname="backend.tests.test_iteration15_features.TestRepeatOffendersWindowFiltering" name="test_repeat_offenders_30_fewer_crews_than_240" time="0.557" /><testcase classname="backend.tests.test_iteration15_features.TestRepeatOffendersWindowFiltering" name="test_repeat_offenders_240_has_escalation_levels" time="0.459" /><testcase classname="backend.tests.test_iteration15_features.TestRepeatOffendersWindowFiltering" name="test_repeat_offenders_heatmap_has_levels" time="0.464" /><testcase classname="backend.tests.test_iteration15_features.TestStandardsLibraryPagination" name="test_standards_library_pagination_5_per_page" time="0.468" /><testcase classname="backend.tests.test_iteration15_features.TestStandardsLibraryPagination" name="test_standards_library_has_total_count" time="0.463" /><testcase classname="backend.tests.test_iteration15_features.TestPublicCrewAccess" name="test_public_crew_access_list" time="0.110" /><testcase classname="backend.tests.test_iteration15_features.TestDashboardOverview" name="test_dashboard_overview" time="0.454" /></testsuite></testsuites>