<?xml version="1.0" encoding="utf-8"?><testsuites name="pytest tests"><testsuite name="pytest" errors="13" failures="1" skipped="0" tests="14" time="0.140" timestamp="2026-03-30T05:02:38.421035+00:00" hostname="agent-env-a23196f0-ba8c-487c-9f17-526572d9d9d9"><testcase classname="backend.tests.test_field_quality_workflows" name="test_management_login_and_me" time="0.001"><error message="failed on setup with &quot;Failed: Required test credentials missing in /app/memory/test_credentials.md&quot;">backend/tests/test_field_quality_workflows.py:23: in credentials
    pytest.fail("Required test credentials missing in /app/memory/test_credentials.md")
E   Failed: Required test credentials missing in /app/memory/test_credentials.md</error></testcase><testcase classname="backend.tests.test_field_quality_workflows" name="test_owner_login_and_me" time="0.000"><error message="failed on setup with &quot;Failed: Required test credentials missing in /app/memory/test_credentials.md&quot;">backend/tests/test_field_quality_workflows.py:23: in credentials
    pytest.fail("Required test credentials missing in /app/memory/test_credentials.md")
E   Failed: Required test credentials missing in /app/memory/test_credentials.md</error></testcase><testcase classname="backend.tests.test_field_quality_workflows" name="test_public_crew_portal_route_and_jobs" time="0.000"><failure message="Failed: REACT_APP_BACKEND_URL is not set">backend/tests/test_field_quality_workflows.py:82: in test_public_crew_portal_route_and_jobs
    base_url = _require_base_url()
               ^^^^^^^^^^^^^^^^^^^
backend/tests/test_field_quality_workflows.py:14: in _require_base_url
    pytest.fail("REACT_APP_BACKEND_URL is not set")
E   Failed: REACT_APP_BACKEND_URL is not set</failure></testcase><testcase classname="backend.tests.test_field_quality_workflows" name="test_management_review_save_and_verify" time="0.000"><error message="failed on setup with &quot;Failed: Required test credentials missing in /app/memory/test_credentials.md&quot;">backend/tests/test_field_quality_workflows.py:23: in credentials
    pytest.fail("Required test credentials missing in /app/memory/test_credentials.md")
E   Failed: Required test credentials missing in /app/memory/test_credentials.md</error></testcase><testcase classname="backend.tests.test_field_quality_workflows" name="test_owner_review_finalize_and_verify" time="0.000"><error message="failed on setup with &quot;Failed: Required test credentials missing in /app/memory/test_credentials.md&quot;">backend/tests/test_field_quality_workflows.py:23: in credentials
    pytest.fail("Required test credentials missing in /app/memory/test_credentials.md")
E   Failed: Required test credentials missing in /app/memory/test_credentials.md</error></testcase><testcase classname="backend.tests.test_field_quality_workflows" name="test_exports_run_and_download" time="0.000"><error message="failed on setup with &quot;Failed: Required test credentials missing in /app/memory/test_credentials.md&quot;">backend/tests/test_field_quality_workflows.py:23: in credentials
    pytest.fail("Required test credentials missing in /app/memory/test_credentials.md")
E   Failed: Required test credentials missing in /app/memory/test_credentials.md</error></testcase><testcase classname="backend.tests.test_field_quality_workflows" name="test_analytics_jobs_and_settings" time="0.000"><error message="failed on setup with &quot;Failed: Required test credentials missing in /app/memory/test_credentials.md&quot;">backend/tests/test_field_quality_workflows.py:23: in credentials
    pytest.fail("Required test credentials missing in /app/memory/test_credentials.md")
E   Failed: Required test credentials missing in /app/memory/test_credentials.md</error></testcase><testcase classname="backend.tests.test_notifications_and_heatmap" name="test_management_notification_after_crew_submission" time="0.000"><error message="failed on setup with &quot;Failed: Required management/owner credentials missing in /app/memory/test_credentials.md&quot;">backend/tests/test_notifications_and_heatmap.py:25: in credentials
    pytest.fail("Required management/owner credentials missing in /app/memory/test_credentials.md")
E   Failed: Required management/owner credentials missing in /app/memory/test_credentials.md</error></testcase><testcase classname="backend.tests.test_notifications_and_heatmap" name="test_management_review_creates_owner_and_crew_notifications" time="0.000"><error message="failed on setup with &quot;Failed: Required management/owner credentials missing in /app/memory/test_credentials.md&quot;">backend/tests/test_notifications_and_heatmap.py:25: in credentials
    pytest.fail("Required management/owner credentials missing in /app/memory/test_credentials.md")
E   Failed: Required management/owner credentials missing in /app/memory/test_credentials.md</error></testcase><testcase classname="backend.tests.test_notifications_and_heatmap" name="test_owner_notification_after_management_review" time="0.000"><error message="failed on setup with &quot;Failed: Required management/owner credentials missing in /app/memory/test_credentials.md&quot;">backend/tests/test_notifications_and_heatmap.py:25: in credentials
    pytest.fail("Required management/owner credentials missing in /app/memory/test_credentials.md")
E   Failed: Required management/owner credentials missing in /app/memory/test_credentials.md</error></testcase><testcase classname="backend.tests.test_notifications_and_heatmap" name="test_notifications_mark_read" time="0.000"><error message="failed on setup with &quot;Failed: Required management/owner credentials missing in /app/memory/test_credentials.md&quot;">backend/tests/test_notifications_and_heatmap.py:25: in credentials
    pytest.fail("Required management/owner credentials missing in /app/memory/test_credentials.md")
E   Failed: Required management/owner credentials missing in /app/memory/test_credentials.md</error></testcase><testcase classname="backend.tests.test_notifications_and_heatmap" name="test_analytics_calibration_heatmap_shape" time="0.000"><error message="failed on setup with &quot;Failed: Required management/owner credentials missing in /app/memory/test_credentials.md&quot;">backend/tests/test_notifications_and_heatmap.py:25: in credentials
    pytest.fail("Required management/owner credentials missing in /app/memory/test_credentials.md")
E   Failed: Required management/owner credentials missing in /app/memory/test_credentials.md</error></testcase><testcase classname="backend.tests.test_notifications_and_heatmap" name="test_settings_blueprint_and_learning_content_sources" time="0.000"><error message="failed on setup with &quot;Failed: Required management/owner credentials missing in /app/memory/test_credentials.md&quot;">backend/tests/test_notifications_and_heatmap.py:25: in credentials
    pytest.fail("Required management/owner credentials missing in /app/memory/test_credentials.md")
E   Failed: Required management/owner credentials missing in /app/memory/test_credentials.md</error></testcase><testcase classname="backend.tests.test_notifications_and_heatmap" name="test_owner_review_and_exports_still_work" time="0.000"><error message="failed on setup with &quot;Failed: Required management/owner credentials missing in /app/memory/test_credentials.md&quot;">backend/tests/test_notifications_and_heatmap.py:25: in credentials
    pytest.fail("Required management/owner credentials missing in /app/memory/test_credentials.md")
E   Failed: Required management/owner credentials missing in /app/memory/test_credentials.md</error></testcase></testsuite></testsuites>