<?xml version="1.0" encoding="utf-8"?><testsuites name="pytest tests"><testsuite name="pytest" errors="0" failures="0" skipped="0" tests="7" time="2.152" timestamp="2026-03-30T02:59:00.061735+00:00" hostname="agent-env-a23196f0-ba8c-487c-9f17-526572d9d9d9"><testcase classname="backend.tests.test_field_quality_workflows" name="test_management_login_and_me" time="0.591" /><testcase classname="backend.tests.test_field_quality_workflows" name="test_owner_login_and_me" time="0.334" /><testcase classname="backend.tests.test_field_quality_workflows" name="test_public_crew_portal_route_and_jobs" time="0.163" /><testcase classname="backend.tests.test_field_quality_workflows" name="test_management_review_save_and_verify" time="0.346" /><testcase classname="backend.tests.test_field_quality_workflows" name="test_owner_review_finalize_and_verify" time="0.205" /><testcase classname="backend.tests.test_field_quality_workflows" name="test_exports_run_and_download" time="0.188" /><testcase classname="backend.tests.test_field_quality_workflows" name="test_analytics_jobs_and_settings" time="0.244" /></testsuite></testsuites>