<?xml version="1.0" encoding="utf-8"?><testsuites name="pytest tests"><testsuite name="pytest" errors="0" failures="0" skipped="0" tests="18" time="2.198" timestamp="2026-04-02T01:12:07.904955+00:00" hostname="agent-env-cf297c22-2fcb-4b5f-9985-0db327c696a9"><testcase classname="tests.test_iteration14_features.TestAuthAfterRefactoring" name="test_gm_login_success" time="0.485" /><testcase classname="tests.test_iteration14_features.TestAuthAfterRefactoring" name="test_owner_login_success" time="0.279" /><testcase classname="tests.test_iteration14_features.TestAuthAfterRefactoring" name="test_supervisor_login_success" time="0.271" /><testcase classname="tests.test_iteration14_features.TestAuthAfterRefactoring" name="test_auth_me_endpoint" time="0.325" /><testcase classname="tests.test_iteration14_features.TestStandardsPagination" name="test_standards_page1_limit5" time="0.049" /><testcase classname="tests.test_iteration14_features.TestStandardsPagination" name="test_standards_page2_limit5" time="0.100" /><testcase classname="tests.test_iteration14_features.TestStandardsPagination" name="test_standards_total_count" time="0.047" /><testcase classname="tests.test_iteration14_features.TestEquipmentLogsPagination" name="test_equipment_logs_returns_paginated" time="0.046" /><testcase classname="tests.test_iteration14_features.TestEquipmentLogsPagination" name="test_equipment_logs_requires_auth" time="0.048" /><testcase classname="tests.test_iteration14_features.TestDashboardOverview" name="test_dashboard_overview_returns_data" time="0.050" /><testcase classname="tests.test_iteration14_features.TestDashboardOverview" name="test_dashboard_overview_requires_auth" time="0.047" /><testcase classname="tests.test_iteration14_features.TestRubricMatrices" name="test_rubric_matrices_returns_data" time="0.055" /><testcase classname="tests.test_iteration14_features.TestRubricMatrices" name="test_rubric_matrices_requires_auth" time="0.045" /><testcase classname="tests.test_iteration14_features.TestRepeatOffenders" name="test_repeat_offenders_returns_data" time="0.062" /><testcase classname="tests.test_iteration14_features.TestRepeatOffenders" name="test_repeat_offenders_requires_auth" time="0.046" /><testcase classname="tests.test_iteration14_features.TestSharedDepsModularization" name="test_health_endpoint" time="0.047" /><testcase classname="tests.test_iteration14_features.TestSharedDepsModularization" name="test_public_crew_access" time="0.045" /><testcase classname="tests.test_iteration14_features.TestSharedDepsModularization" name="test_pagination_helper_works" time="0.051" /></testsuite></testsuites>