<?xml version="1.0" encoding="utf-8"?><testsuites name="pytest tests"><testsuite name="pytest" errors="0" failures="0" skipped="0" tests="19" time="2.785" timestamp="2026-04-04T07:06:17.500437+00:00" hostname="agent-env-cf297c22-2fcb-4b5f-9985-0db327c696a9"><testcase classname="backend.tests.test_iteration36_role_widgets.TestPMDashboard" name="test_pm_dashboard_maintenance_division" time="0.484" /><testcase classname="backend.tests.test_iteration36_role_widgets.TestPMDashboard" name="test_pm_dashboard_install_division" time="0.099" /><testcase classname="backend.tests.test_iteration36_role_widgets.TestCrewLeaderPerformance" name="test_crew_leader_performance_all_divisions" time="0.126" /><testcase classname="backend.tests.test_iteration36_role_widgets.TestCrewLeaderPerformance" name="test_crew_leader_performance_maintenance_division" time="0.107" /><testcase classname="backend.tests.test_iteration36_role_widgets.TestAccountManagerReport" name="test_account_manager_report" time="0.107" /><testcase classname="backend.tests.test_iteration36_role_widgets.TestSupervisorChecklist" name="test_supervisor_checklist" time="0.102" /><testcase classname="backend.tests.test_iteration36_role_widgets.TestSmartInsights" name="test_smart_insights" time="0.107" /><testcase classname="backend.tests.test_iteration36_role_widgets.TestCrewSparklines" name="test_crew_sparklines_all_divisions" time="0.103" /><testcase classname="backend.tests.test_iteration36_role_widgets.TestCrewSparklines" name="test_crew_sparklines_maintenance_division" time="0.101" /><testcase classname="backend.tests.test_iteration36_role_widgets.TestWeeklyDigest" name="test_weekly_digest" time="0.113" /><testcase classname="backend.tests.test_iteration36_role_widgets.TestPMAccessWithPMToken" name="test_pm_can_access_pm_dashboard" time="0.430" /><testcase classname="backend.tests.test_iteration36_role_widgets.TestPMAccessWithPMToken" name="test_pm_can_access_crew_leader_performance" time="0.104" /><testcase classname="backend.tests.test_iteration36_role_widgets.TestUnauthorizedAccess" name="test_pm_dashboard_requires_auth" time="0.095" /><testcase classname="backend.tests.test_iteration36_role_widgets.TestUnauthorizedAccess" name="test_crew_leader_performance_requires_auth" time="0.099" /><testcase classname="backend.tests.test_iteration36_role_widgets.TestUnauthorizedAccess" name="test_account_manager_report_requires_auth" time="0.098" /><testcase classname="backend.tests.test_iteration36_role_widgets.TestUnauthorizedAccess" name="test_supervisor_checklist_requires_auth" time="0.113" /><testcase classname="backend.tests.test_iteration36_role_widgets.TestUnauthorizedAccess" name="test_smart_insights_requires_auth" time="0.104" /><testcase classname="backend.tests.test_iteration36_role_widgets.TestUnauthorizedAccess" name="test_crew_sparklines_requires_auth" time="0.094" /><testcase classname="backend.tests.test_iteration36_role_widgets.TestUnauthorizedAccess" name="test_weekly_digest_requires_auth" time="0.101" /></testsuite></testsuites>