<?xml version="1.0" encoding="utf-8"?><testsuites name="pytest tests"><testsuite name="pytest" errors="0" failures="0" skipped="0" tests="38" time="14.956" timestamp="2026-04-02T02:08:54.201821+00:00" hostname="agent-env-cf297c22-2fcb-4b5f-9985-0db327c696a9"><testcase classname="backend.tests.test_iteration16_regression.TestAuthModule" name="test_login_owner_success" time="0.395" /><testcase classname="backend.tests.test_iteration16_regression.TestAuthModule" name="test_login_gm_success" time="0.330" /><testcase classname="backend.tests.test_iteration16_regression.TestAuthModule" name="test_login_supervisor_success" time="0.341" /><testcase classname="backend.tests.test_iteration16_regression.TestAuthModule" name="test_login_invalid_credentials" time="0.112" /><testcase classname="backend.tests.test_iteration16_regression.TestAuthModule" name="test_auth_me_with_valid_token" time="0.449" /><testcase classname="backend.tests.test_iteration16_regression.TestAuthModule" name="test_auth_me_without_token" time="0.098" /><testcase classname="backend.tests.test_iteration16_regression.TestSystemModule" name="test_root_endpoint" time="0.107" /><testcase classname="backend.tests.test_iteration16_regression.TestSystemModule" name="test_health_endpoint" time="0.110" /><testcase classname="backend.tests.test_iteration16_regression.TestSystemModule" name="test_blueprint_with_auth" time="0.445" /><testcase classname="backend.tests.test_iteration16_regression.TestSystemModule" name="test_blueprint_without_auth" time="0.106" /><testcase classname="backend.tests.test_iteration16_regression.TestPublicModule" name="test_public_crew_access_list" time="0.105" /><testcase classname="backend.tests.test_iteration16_regression.TestPublicModule" name="test_public_jobs_list" time="0.124" /><testcase classname="backend.tests.test_iteration16_regression.TestAnalyticsModule" name="test_dashboard_overview" time="0.470" /><testcase classname="backend.tests.test_iteration16_regression.TestAnalyticsModule" name="test_analytics_summary_monthly" time="0.445" /><testcase classname="backend.tests.test_iteration16_regression.TestAnalyticsModule" name="test_analytics_summary_weekly" time="0.451" /><testcase classname="backend.tests.test_iteration16_regression.TestSubmissionsModule" name="test_submissions_list_with_pagination" time="0.501" /><testcase classname="backend.tests.test_iteration16_regression.TestSubmissionsModule" name="test_submissions_total_count" time="0.478" /><testcase classname="backend.tests.test_iteration16_regression.TestSubmissionsModule" name="test_submissions_have_work_date" time="0.475" /><testcase classname="backend.tests.test_iteration16_regression.TestSubmissionsModule" name="test_submission_detail" time="0.570" /><testcase classname="backend.tests.test_iteration16_regression.TestJobsModule" name="test_jobs_list_with_pagination" time="0.511" /><testcase classname="backend.tests.test_iteration16_regression.TestJobsModule" name="test_jobs_search" time="0.469" /><testcase classname="backend.tests.test_iteration16_regression.TestCrewAccessModule" name="test_crew_access_links_list" time="0.457" /><testcase classname="backend.tests.test_iteration16_regression.TestUsersModule" name="test_users_list" time="0.476" /><testcase classname="backend.tests.test_iteration16_regression.TestNotificationsModule" name="test_notifications_list" time="0.447" /><testcase classname="backend.tests.test_iteration16_regression.TestRubricsModule" name="test_rubrics_list" time="0.468" /><testcase classname="backend.tests.test_iteration16_regression.TestRubricsModule" name="test_rubric_matrices_list" time="0.443" /><testcase classname="backend.tests.test_iteration16_regression.TestStandardsModule" name="test_standards_list_with_pagination" time="0.456" /><testcase classname="backend.tests.test_iteration16_regression.TestStandardsModule" name="test_standards_total_count" time="0.459" /><testcase classname="backend.tests.test_iteration16_regression.TestTrainingModule" name="test_training_sessions_list" time="0.459" /><testcase classname="backend.tests.test_iteration16_regression.TestTrainingModule" name="test_repeat_offenders_30_days" time="0.452" /><testcase classname="backend.tests.test_iteration16_regression.TestTrainingModule" name="test_repeat_offenders_240_days" time="0.432" /><testcase classname="backend.tests.test_iteration16_regression.TestRapidReviewsModule" name="test_rapid_reviews_queue" time="0.456" /><testcase classname="backend.tests.test_iteration16_regression.TestRapidReviewsModule" name="test_rapid_review_sessions_list" time="0.452" /><testcase classname="backend.tests.test_iteration16_regression.TestRapidReviewsModule" name="test_rapid_reviews_flagged" time="0.443" /><testcase classname="backend.tests.test_iteration16_regression.TestEquipmentModule" name="test_equipment_logs_list" time="0.474" /><testcase classname="backend.tests.test_iteration16_regression.TestExportsModule" name="test_exports_list" time="0.468" /><testcase classname="backend.tests.test_iteration16_regression.TestIntegrationsModule" name="test_storage_status" time="0.446" /><testcase classname="backend.tests.test_iteration16_regression.TestIntegrationsModule" name="test_drive_status" time="0.456" /></testsuite></testsuites>