<?xml version="1.0" encoding="utf-8"?><testsuites name="pytest tests"><testsuite name="pytest" errors="0" failures="0" skipped="0" tests="19" time="5.165" timestamp="2026-03-31T02:06:56.906986+00:00" hostname="agent-env-a23196f0-ba8c-487c-9f17-526572d9d9d9"><testcase classname="backend.tests.test_pagination_and_supabase_features.TestPaginationContracts" name="test_submissions_pagination_contract" time="0.564" /><testcase classname="backend.tests.test_pagination_and_supabase_features.TestPaginationContracts" name="test_jobs_pagination_contract" time="0.317" /><testcase classname="backend.tests.test_pagination_and_supabase_features.TestPaginationContracts" name="test_crew_access_links_pagination_contract" time="0.052" /><testcase classname="backend.tests.test_pagination_and_supabase_features.TestPaginationContracts" name="test_crew_access_links_inactive_filter" time="0.046" /><testcase classname="backend.tests.test_pagination_and_supabase_features.TestPaginationContracts" name="test_exports_pagination_contract" time="0.050" /><testcase classname="backend.tests.test_pagination_and_supabase_features.TestSupabaseStorage" name="test_storage_status_shows_supabase_configured" time="0.053" /><testcase classname="backend.tests.test_pagination_and_supabase_features.TestSupabaseStorage" name="test_submission_upload_with_supabase_storage" time="0.968" /><testcase classname="backend.tests.test_pagination_and_supabase_features.TestSupabaseStorage" name="test_submission_file_retrieval_route" time="0.930" /><testcase classname="backend.tests.test_pagination_and_supabase_features.TestSupabaseStorage" name="test_submission_with_issue_photo_uploads_to_supabase" time="1.417" /><testcase classname="backend.tests.test_pagination_and_supabase_features.TestAnalyticsPeriodTabs" name="test_analytics_summary_period[daily]" time="0.068" /><testcase classname="backend.tests.test_pagination_and_supabase_features.TestAnalyticsPeriodTabs" name="test_analytics_summary_period[weekly]" time="0.056" /><testcase classname="backend.tests.test_pagination_and_supabase_features.TestAnalyticsPeriodTabs" name="test_analytics_summary_period[monthly]" time="0.056" /><testcase classname="backend.tests.test_pagination_and_supabase_features.TestAnalyticsPeriodTabs" name="test_analytics_summary_period[quarterly]" time="0.073" /><testcase classname="backend.tests.test_pagination_and_supabase_features.TestAnalyticsPeriodTabs" name="test_analytics_summary_period[annual]" time="0.064" /><testcase classname="backend.tests.test_pagination_and_supabase_features.TestCrewPortal" name="test_crew_access_link_has_proper_crew_member_id" time="0.056" /><testcase classname="backend.tests.test_pagination_and_supabase_features.TestCrewPortal" name="test_public_crew_access_returns_proper_labels" time="0.055" /><testcase classname="backend.tests.test_pagination_and_supabase_features.TestCrewPortal" name="test_crew_access_by_code_returns_notifications" time="0.124" /><testcase classname="backend.tests.test_pagination_and_supabase_features.TestOwnerQueuePagination" name="test_owner_queue_respects_limit_parameter" time="0.046" /><testcase classname="backend.tests.test_pagination_and_supabase_features.TestOwnerQueuePagination" name="test_owner_queue_pagination_navigation" time="0.056" /></testsuite></testsuites>