<?xml version="1.0" encoding="utf-8"?><testsuites name="pytest tests"><testsuite name="pytest" errors="0" failures="0" skipped="0" tests="3" time="3.828" timestamp="2026-03-31T00:05:46.871803+00:00" hostname="agent-env-a23196f0-ba8c-487c-9f17-526572d9d9d9"><testcase classname="backend.tests.test_admin_controls_and_queue_pagination" name="test_admin_can_create_staff_and_toggle_authorization" time="2.845" /><testcase classname="backend.tests.test_admin_controls_and_queue_pagination" name="test_inactive_crew_link_removed_from_public_while_history_remains" time="0.296" /><testcase classname="backend.tests.test_admin_controls_and_queue_pagination" name="test_owner_queue_dataset_supports_pagination_over_eight_entries" time="0.619" /></testsuite></testsuites>