<?xml version="1.0" encoding="utf-8"?><testsuites name="pytest tests"><testsuite name="pytest" errors="0" failures="0" skipped="0" tests="19" time="2.169" timestamp="2026-04-04T04:34:55.617767+00:00" hostname="agent-env-cf297c22-2fcb-4b5f-9985-0db327c696a9"><testcase classname="tests.test_iteration32_system_health.TestBackendHealth" name="test_health_endpoint_returns_ok" time="0.185" /><testcase classname="tests.test_iteration32_system_health.TestAuthentication" name="test_owner_login_returns_jwt" time="0.300" /><testcase classname="tests.test_iteration32_system_health.TestAuthentication" name="test_gm_login_returns_jwt" time="0.277" /><testcase classname="tests.test_iteration32_system_health.TestPublicStandardsAPI" name="test_public_standards_returns_19_total" time="0.056" /><testcase classname="tests.test_iteration32_system_health.TestPublicStandardsAPI" name="test_public_standards_maintenance_filter" time="0.054" /><testcase classname="tests.test_iteration32_system_health.TestPublicStandardsAPI" name="test_public_standards_install_filter" time="0.049" /><testcase classname="tests.test_iteration32_system_health.TestPublicStandardsAPI" name="test_public_standards_tree_filter" time="0.060" /><testcase classname="tests.test_iteration32_system_health.TestTeamHierarchyAPI" name="test_hierarchy_returns_correct_counts" time="0.337" /><testcase classname="tests.test_iteration32_system_health.TestTeamHierarchyAPI" name="test_hierarchy_returns_three_divisions" time="0.055" /><testcase classname="tests.test_iteration32_system_health.TestTeamHierarchyAPI" name="test_hierarchy_divisions_have_production_managers" time="0.170" /><testcase classname="tests.test_iteration32_system_health.TestTeamProfilesAPI" name="test_profiles_returns_minimum_22" time="0.054" /><testcase classname="tests.test_iteration32_system_health.TestTeamStructureAPI" name="test_structure_returns_four_teams" time="0.065" /><testcase classname="tests.test_iteration32_system_health.TestTeamStructureAPI" name="test_structure_has_correct_leaders" time="0.051" /><testcase classname="tests.test_iteration32_system_health.TestTimelineStatsAPI" name="test_timeline_stats_for_crew" time="0.083" /><testcase classname="tests.test_iteration32_system_health.TestSubmissionsAPI" name="test_submissions_returns_29_plus" time="0.058" /><testcase classname="tests.test_iteration32_system_health.TestDemoCrewsAPI" name="test_install_alpha_crew_exists" time="0.054" /><testcase classname="tests.test_iteration32_system_health.TestDemoCrewsAPI" name="test_maintenance_alpha_crew_exists" time="0.049" /><testcase classname="tests.test_iteration32_system_health.TestDemoCrewsAPI" name="test_maintenance_bravo_crew_exists" time="0.052" /><testcase classname="tests.test_iteration32_system_health.TestDemoCrewsAPI" name="test_tree_alpha_crew_exists" time="0.061" /></testsuite></testsuites>